----------------------------------------
Report  : report_design_physical
          -utilization
Date    : Sat Dec 22 12:05:37 2018
Version : G-2012.06-ICC-SP2
--------------------------------------------------------------------------------
                            UTILIZATION INFORMATION
--------------------------------------------------------------------------------
BLOCKAGES SECTION
-----------------
BLK Type           Count  Area(um^2)   AreaOutsideCore(um^2)
                                                           BlockedSites(unit)
Hard Placement Blockage
                       0        0.00        0.00           0
Soft Placement Blockage
                       0        0.00        0.00           ---
Partial Placement Blockage
                       0        0.00        0.00           ---
Macro Cell             0        0.00        0.00           0
Pad Cell               0        0.00        0.00           0
Fixed Standard Cell
                    2756     1718.36        0.00           6460
Hard Keepout Margin Derived
                       0        0.00        0.00           0
Soft Keepout Margin Derived
                       0        0.00        0.00           ---
Complete PNet        ---        0.00        0.00           0
Partial PNet         ---        0.00        0.00           ---
Voltage Area Guardband
                       0        0.00        0.00           0
Exclusive Movebound Guardband
                       0        0.00        0.00           ---
Hard Keepout Distance Blockage
                       0        0.00        0.00           0
Chimney Area         ---        0.00        0.00           0

CELL INSTANCE SECTION
---------------------

 Cell Instance Type       Count           Area
  Placed Cells            72330       80781.01
    Fixed Cells            2050        1090.60
    Soft Fixed Cells         40          95.76
  Unplaced Cells              0           0.00

UTILIZATION RATIOS
------------------
Chip area           : 95308.04
Core area           : 80781.01
  SiteRow area      : 80781.01
Cell/Core Ratio     : 98.6499%
Cell/Chip Ratio     : 83.6135%
(A) Logical cell sites (non-fixed) :       149047
(B) Logical cell sites (fixed) :         2360
(C) All blocked sites :         6460
(D) Total core sites :       303688
Cell Utilization(non-fixed) = 50.15% (A) / (D - C)
                                              (149047) / (303688 - 6460)
Cell Utilization(non-fixed + fixed) = 50.54% (A + B) / (D - (C - B))
                                              (149047 + 2360) / (303688 - (6460 - 2360))
Blockage Percentage = 2.13% (C) / (D)
                                              (6460) / (303688)

PNET OPTIONS INFORMATION
------------------------
Layer     Blockage MinWidth  MinHeight Via_additive    Density   DER minWidth
                                                                            DER minHeight
metal1    none        ---       ---    Via additive     ---         ---        ---
metal2    none        ---       ---    Via additive     ---         ---        ---
metal3    none        ---       ---    Via additive     ---         ---        ---
metal4    none        ---       ---    Via additive     ---         ---        ---
metal5    none        ---       ---    Via additive     ---         ---        ---
metal6    none        ---       ---    Via additive     ---         ---        ---
metal7    none        ---       ---    Via additive     ---         ---        ---
metal8    none        ---       ---    Via additive     ---         ---        ---
metal9    none        ---       ---    Via additive     ---         ---        ---
metal10   none        ---       ---    Via additive     ---         ---        ---
