
Begin full DRC check ...

Information: Using 1 threads for routing. (ZRT-444)
Checked	1/36 Partitions, Violations =	0
Checked	2/36 Partitions, Violations =	0
Checked	3/36 Partitions, Violations =	0
Checked	4/36 Partitions, Violations =	0
Checked	5/36 Partitions, Violations =	0
Checked	6/36 Partitions, Violations =	0
Checked	7/36 Partitions, Violations =	0
Checked	8/36 Partitions, Violations =	0
Checked	9/36 Partitions, Violations =	0
Checked	10/36 Partitions, Violations =	0
Checked	11/36 Partitions, Violations =	0
Checked	12/36 Partitions, Violations =	0
Checked	13/36 Partitions, Violations =	0
Checked	14/36 Partitions, Violations =	0
Checked	15/36 Partitions, Violations =	0
Checked	16/36 Partitions, Violations =	0
Checked	17/36 Partitions, Violations =	0
Checked	18/36 Partitions, Violations =	0
Checked	19/36 Partitions, Violations =	0
Checked	20/36 Partitions, Violations =	0
Checked	21/36 Partitions, Violations =	0
Checked	22/36 Partitions, Violations =	0
Checked	23/36 Partitions, Violations =	0
Checked	24/36 Partitions, Violations =	0
Checked	25/36 Partitions, Violations =	0
Checked	26/36 Partitions, Violations =	0
Checked	27/36 Partitions, Violations =	0
Checked	28/36 Partitions, Violations =	0
Checked	29/36 Partitions, Violations =	0
Checked	30/36 Partitions, Violations =	0
Checked	31/36 Partitions, Violations =	0
Checked	32/36 Partitions, Violations =	0
Checked	33/36 Partitions, Violations =	0
Checked	34/36 Partitions, Violations =	0
Checked	35/36 Partitions, Violations =	0
Checked	36/36 Partitions, Violations =	0
[DRC CHECK] Elapsed real time: 0:00:02 
[DRC CHECK] Elapsed cpu  time: sys=0:00:00 usr=0:00:02 total=0:00:02
[DRC CHECK] Stage (MB): Used    0  Alloctr    0  Proc    0 
[DRC CHECK] Total (MB): Used   69  Alloctr   75  Proc 1257 
Warning: No antenna rules defined, Skip antenna analysis. (ZRT-309)

DRC-SUMMARY:
	@@@@@@@ TOTAL VIOLATIONS =	0


Total Wire Length =                    363743 micron
Total Number of Contacts =             180323
Total Number of Wires =                224830
Total Number of PtConns =              71440
Total Number of Routable Wires =       224830
Total Routable Wire Length =           359101 micron
	Layer         metal1 :      15895 micron
	Layer         metal2 :     108981 micron
	Layer         metal3 :     101010 micron
	Layer         metal4 :      75264 micron
	Layer         metal5 :      43451 micron
	Layer         metal6 :      19142 micron
	Layer         metal7 :          0 micron
	Layer         metal8 :          0 micron
	Layer         metal9 :          0 micron
	Layer        metal10 :          0 micron
	Via        VIA56_2x1 :       1959
	Via        VIA56_1x2 :          3
	Via            VIA45 :         16
	Via        VIA45_1x2 :       7937
	Via        VIA45_2x1 :         65
	Via            VIA34 :        458
	Via   VIA34(rot)_2x1 :      21568
	Via   VIA34(rot)_1x2 :        479
	Via        VIA34_2x1 :       3925
	Via        VIA34_1x2 :        926
	Via            VIA23 :        227
	Via       VIA23(rot) :         14
	Via   VIA23(rot)_1x2 :      48076
	Via        VIA23_1x2 :      10340
	Via   VIA23(rot)_2x1 :       6851
	Via        VIA23_2x1 :        100
	Via            VIA12 :       2135
	Via       VIA12(rot) :       5310
	Via   VIA12(rot)_2x1 :      28745
	Via        VIA12_1x2 :      16039
	Via   VIA12(rot)_1x2 :      21566
	Via        VIA12_2x1 :       3584

 
Redundant via conversion report:
--------------------------------

  Total optimized via conversion rate = 95.47% (172163 / 180323 vias)
 
    Layer via1       = 90.38% (69934  / 77379   vias)
        Weight 1     = 90.38% (69934   vias)
        Un-optimized =  9.62% (7445    vias)
    Layer via2       = 99.63% (65367  / 65608   vias)
        Weight 1     = 99.63% (65367   vias)
        Un-optimized =  0.37% (241     vias)
    Layer via3       = 98.33% (26898  / 27356   vias)
        Weight 1     = 98.33% (26898   vias)
        Un-optimized =  1.67% (458     vias)
    Layer via4       = 99.80% (8002   / 8018    vias)
        Weight 1     = 99.80% (8002    vias)
        Un-optimized =  0.20% (16      vias)
    Layer via5       = 100.00% (1962   / 1962    vias)
        Weight 1     = 100.00% (1962    vias)
        Un-optimized =  0.00% (0       vias)
 
  Total double via conversion rate    = 95.47% (172163 / 180323 vias)
 
    Layer via1       = 90.38% (69934  / 77379   vias)
    Layer via2       = 99.63% (65367  / 65608   vias)
    Layer via3       = 98.33% (26898  / 27356   vias)
    Layer via4       = 99.80% (8002   / 8018    vias)
    Layer via5       = 100.00% (1962   / 1962    vias)
 


Verify Summary:

Total number of nets = 23016, of which 0 are not extracted
Total number of open nets = 0, of which 0 are frozen
Total number of excluded ports = 0 ports of 0 unplaced cells connected to 0 nets
                                 0 ports without pins of 0 cells connected to 0 nets
                                 0 ports of 0 cover cells connected to 0 non-pg nets
Total number of DRCs = 0
Total number of antenna violations = no antenna rules defined
Total number of voltage-area violations = no voltage-areas defined
Total number of tie to rail violations = not checked
Total number of tie to rail directly violations = not checked

1
