
  Loading design 'mips_16'




Information: The design has 2050 physical cells. (PSYN-105)
Information: Library Manufacturing Grid(GridResolution) : 5
Information: Time Unit from Milkyway design library: 'ns' 
Information: Design Library and main library timing units are matched - 1.000 ns. 
Information: Resistance Unit from Milkyway design library: 'kohm' 
Warning: Mismatch in the main library and the Milkyway library resistance units. In the main library it is 1000.000 kohm and in the Milkyway design library it is 1.000 kohm. Check and correct the resistance units in the .tf and .db files. (PSYN-476)
Information: Capacitance Unit from Milkyway design library: 'ff' 
Information: Design Library and main library capacitance units are matched - 0.001 pf. 
Information: Layer metal7 is ignored for resistance and capacitance computation. (RCEX-019)
Information: Layer metal8 is ignored for resistance and capacitance computation. (RCEX-019)
Information: Layer metal9 is ignored for resistance and capacitance computation. (RCEX-019)
Information: Layer metal10 is ignored for resistance and capacitance computation. (RCEX-019)
Information: The distance unit in Capacitance and Resistance is 1 micron. (RCEX-007)
Information: The RC model used is detail route TLU+. (RCEX-015)
Information: Start mixed mode parasitic extraction. (RCEX-023)
Information: Start rc extraction...
Memory usage for extraction task 150 Mbytes -- main task 721 Mbytes.
Information: Parasitic source is LPE. (RCEX-040)
Information: Parasitic mode is RealRC. (RCEX-041)
Information: Using virtual shield extraction. (RCEX-081)
Information: Extraction mode is MIN_MAX. (RCEX-042)
Information: Extraction derate is -40/-40/-40. (RCEX-043)
Information: Coupling capacitances are explicitly created. (RCEX-044)
Information: Start back annotation for parasitic extraction. (RCEX-023)
Information: End back annotation for parasitic extraction. (RCEX-023)
Information: Start timing update for parasitic extraction. (RCEX-023)
Information: End timing update for parasitic extraction. (RCEX-023)
Information: End parasitic extraction. (RCEX-023)
Information: Updating graph... (UID-83)

************************************************************
SI options:
Delta Delay Computation:           true
Static Noise Computation:          true
Timing window analysis for SI:     true
Reselection in timing window:      false
Min Delta Delay for SI:            true
Analysis Effort:                   medium
Max Transition Mode:               normal_slew
Static Noise Thresholds:           0.35 (0.33V) above low
                                   0.35 (0.33V) below high
Route xtalk prevention:            true
Route xtalk prevention threshold:  0.35
************************************************************

Information: Updating design information... (UID-85)

************************************************************
SI options:
Delta Delay Computation:           true
Static Noise Computation:          true
Timing window analysis for SI:     true
Reselection in timing window:      false
Min Delta Delay for SI:            true
Analysis Effort:                   medium
Max Transition Mode:               normal_slew
Static Noise Thresholds:           0.35 (0.33V) above low
                                   0.35 (0.33V) below high
Route xtalk prevention:            true
Route xtalk prevention threshold:  0.35
************************************************************

Information: Input delay ('fall') on clock port 'clk' will be added to the clock's propagated skew. (TIM-112)
Information: Input delay ('rise') on clock port 'clk' will be added to the clock's propagated skew. (TIM-112)
Information: Input delay ('rise') on clock port 'clk' will be added to the clock's propagated skew. (TIM-112)
Information: Input delay ('fall') on clock port 'clk' will be added to the clock's propagated skew. (TIM-112)
Information: Total 27262 nets in the design, 26008 nets have timing window. (TIM-180)
Information: Input delay ('fall') on clock port 'clk' will be added to the clock's propagated skew. (TIM-112)
Information: Input delay ('rise') on clock port 'clk' will be added to the clock's propagated skew. (TIM-112)
Information: Input delay ('rise') on clock port 'clk' will be added to the clock's propagated skew. (TIM-112)
Information: Input delay ('fall') on clock port 'clk' will be added to the clock's propagated skew. (TIM-112)
 
****************************************
Report : timing
        -path full
        -delay max
        -max_paths 50
Design : mips_16
Version: G-2012.06-ICC-SP2
Date   : Sun Dec 23 04:17:40 2018
****************************************

 * Some/all delay information is back-annotated.

Operating Conditions: worst_low   Library: NangateOpenCellLibrary_ss0p95vn40c
	Parasitic source    : LPE
	Parasitic mode      : RealRC
	Extraction mode     : MIN_MAX
	Extraction derating : -40/-40/-40

Information: Percent of Arnoldi-based delays =  0.00%

  Startpoint: pc_current_reg_3_
              (rising edge-triggered flip-flop clocked by clk)
  Endpoint: pc_current_reg_15_
            (rising edge-triggered flip-flop clocked by clk)
  Path Group: clk
  Path Type: max

  Point                                    Incr       Path
  -----------------------------------------------------------
  clock clk (rise edge)                    0.00       0.00
  clock network delay (propagated)         0.12       0.12
  pc_current_reg_3_/CK (DFFR_X1)           0.00       0.12 r
  pc_current_reg_3_/Q (DFFR_X1)            0.11       0.24 r
  U297/ZN (AND2_X1)                        0.04 &     0.27 r
  U307/ZN (AND2_X1)                        0.04 &     0.31 r
  U298/ZN (AND2_X1)                        0.04 &     0.35 r
  U308/ZN (AND2_X1)                        0.04 &     0.38 r
  U299/ZN (AND2_X1)                        0.04 &     0.42 r
  U300/ZN (AND2_X1)                        0.04 &     0.46 r
  U301/ZN (AND2_X1)                        0.04 &     0.49 r
  U302/ZN (AND2_X1)                        0.04 &     0.53 r
  U303/ZN (AND2_X1)                        0.04 &     0.56 r
  U304/ZN (AND2_X1)                        0.04 &     0.60 r
  U305/ZN (AND2_X1)                        0.04 &     0.64 r
  U306/ZN (NAND2_X1)                       0.02 &     0.65 f
  U174/ZN (XNOR2_X1)                       0.05 &     0.70 f
  U181/ZN (OAI221_X1)                      0.04 &     0.74 r
  pc_current_reg_15_/D (DFFR_X1)           0.00 &     0.74 r
  data arrival time                                   0.74

  clock clk (rise edge)                    2.50       2.50
  clock network delay (propagated)         0.18       2.68
  clock uncertainty                       -0.10       2.58
  pc_current_reg_15_/CK (DFFR_X1)          0.00       2.58 r
  library setup time                      -0.03       2.54
  data required time                                  2.54
  -----------------------------------------------------------
  data required time                                  2.54
  data arrival time                                  -0.74
  -----------------------------------------------------------
  slack (MET)                                         1.80


  Startpoint: pc_current_reg_3_
              (rising edge-triggered flip-flop clocked by clk)
  Endpoint: pc_current_reg_14_
            (rising edge-triggered flip-flop clocked by clk)
  Path Group: clk
  Path Type: max

  Point                                    Incr       Path
  -----------------------------------------------------------
  clock clk (rise edge)                    0.00       0.00
  clock network delay (propagated)         0.12       0.12
  pc_current_reg_3_/CK (DFFR_X1)           0.00       0.12 r
  pc_current_reg_3_/Q (DFFR_X1)            0.11       0.24 r
  U297/ZN (AND2_X1)                        0.04 &     0.27 r
  U307/ZN (AND2_X1)                        0.04 &     0.31 r
  U298/ZN (AND2_X1)                        0.04 &     0.35 r
  U308/ZN (AND2_X1)                        0.04 &     0.38 r
  U299/ZN (AND2_X1)                        0.04 &     0.42 r
  U300/ZN (AND2_X1)                        0.04 &     0.46 r
  U301/ZN (AND2_X1)                        0.04 &     0.49 r
  U302/ZN (AND2_X1)                        0.04 &     0.53 r
  U303/ZN (AND2_X1)                        0.04 &     0.56 r
  U304/ZN (AND2_X1)                        0.04 &     0.60 r
  U305/ZN (AND2_X1)                        0.04 &     0.64 r
  U296/Z (XOR2_X1)                         0.06 &     0.69 r
  U198/ZN (AOI22_X1)                       0.02 &     0.72 f
  U196/ZN (NAND2_X1)                       0.01 &     0.73 r
  pc_current_reg_14_/D (DFFR_X1)           0.00 &     0.73 r
  data arrival time                                   0.73

  clock clk (rise edge)                    2.50       2.50
  clock network delay (propagated)         0.18       2.68
  clock uncertainty                       -0.10       2.58
  pc_current_reg_14_/CK (DFFR_X1)          0.00       2.58 r
  library setup time                      -0.03       2.55
  data required time                                  2.55
  -----------------------------------------------------------
  data required time                                  2.55
  data arrival time                                  -0.73
  -----------------------------------------------------------
  slack (MET)                                         1.82


  Startpoint: pc_current_reg_3_
              (rising edge-triggered flip-flop clocked by clk)
  Endpoint: pc_current_reg_13_
            (rising edge-triggered flip-flop clocked by clk)
  Path Group: clk
  Path Type: max

  Point                                    Incr       Path
  -----------------------------------------------------------
  clock clk (rise edge)                    0.00       0.00
  clock network delay (propagated)         0.12       0.12
  pc_current_reg_3_/CK (DFFR_X1)           0.00       0.12 r
  pc_current_reg_3_/Q (DFFR_X1)            0.11       0.24 r
  U297/ZN (AND2_X1)                        0.04 &     0.27 r
  U307/ZN (AND2_X1)                        0.04 &     0.31 r
  U298/ZN (AND2_X1)                        0.04 &     0.35 r
  U308/ZN (AND2_X1)                        0.04 &     0.38 r
  U299/ZN (AND2_X1)                        0.04 &     0.42 r
  U300/ZN (AND2_X1)                        0.04 &     0.46 r
  U301/ZN (AND2_X1)                        0.04 &     0.49 r
  U302/ZN (AND2_X1)                        0.04 &     0.53 r
  U303/ZN (AND2_X1)                        0.04 &     0.56 r
  U304/ZN (AND2_X1)                        0.04 &     0.60 r
  U295/Z (XOR2_X1)                         0.06 &     0.66 r
  U195/ZN (AOI22_X1)                       0.03 &     0.68 f
  U193/ZN (NAND2_X1)                       0.01 &     0.70 r
  pc_current_reg_13_/D (DFFR_X1)           0.00 &     0.70 r
  data arrival time                                   0.70

  clock clk (rise edge)                    2.50       2.50
  clock network delay (propagated)         0.18       2.68
  clock uncertainty                       -0.10       2.58
  pc_current_reg_13_/CK (DFFR_X1)          0.00       2.58 r
  library setup time                      -0.03       2.55
  data required time                                  2.55
  -----------------------------------------------------------
  data required time                                  2.55
  data arrival time                                  -0.70
  -----------------------------------------------------------
  slack (MET)                                         1.85


  Startpoint: pc_current_reg_9_
              (rising edge-triggered flip-flop clocked by clk)
  Endpoint: pc_out[9] (output port clocked by clk)
  Path Group: clk
  Path Type: max

  Point                                    Incr       Path
  -----------------------------------------------------------
  clock clk (rise edge)                    0.00       0.00
  clock network delay (propagated)         0.18       0.18
  pc_current_reg_9_/CK (DFFR_X1)           0.00       0.18 r
  pc_current_reg_9_/Q (DFFR_X1)            0.14       0.32 r
  pc_out[9] (out)                          0.01 &     0.33 r
  data arrival time                                   0.33

  clock clk (rise edge)                    2.50       2.50
  clock network delay (propagated)         0.00       2.50
  clock uncertainty                       -0.10       2.40
  output external delay                   -0.20       2.20
  data required time                                  2.20
  -----------------------------------------------------------
  data required time                                  2.20
  data arrival time                                  -0.33
  -----------------------------------------------------------
  slack (MET)                                         1.87


  Startpoint: pc_current_reg_10_
              (rising edge-triggered flip-flop clocked by clk)
  Endpoint: pc_out[10] (output port clocked by clk)
  Path Group: clk
  Path Type: max

  Point                                    Incr       Path
  -----------------------------------------------------------
  clock clk (rise edge)                    0.00       0.00
  clock network delay (propagated)         0.18       0.18
  pc_current_reg_10_/CK (DFFR_X1)          0.00       0.18 r
  pc_current_reg_10_/Q (DFFR_X1)           0.14       0.32 r
  pc_out[10] (out)                         0.01 &     0.33 r
  data arrival time                                   0.33

  clock clk (rise edge)                    2.50       2.50
  clock network delay (propagated)         0.00       2.50
  clock uncertainty                       -0.10       2.40
  output external delay                   -0.20       2.20
  data required time                                  2.20
  -----------------------------------------------------------
  data required time                                  2.20
  data arrival time                                  -0.33
  -----------------------------------------------------------
  slack (MET)                                         1.87


  Startpoint: pc_current_reg_11_
              (rising edge-triggered flip-flop clocked by clk)
  Endpoint: pc_out[11] (output port clocked by clk)
  Path Group: clk
  Path Type: max

  Point                                    Incr       Path
  -----------------------------------------------------------
  clock clk (rise edge)                    0.00       0.00
  clock network delay (propagated)         0.18       0.18
  pc_current_reg_11_/CK (DFFR_X1)          0.00       0.18 r
  pc_current_reg_11_/Q (DFFR_X1)           0.14       0.32 r
  pc_out[11] (out)                         0.01 &     0.32 r
  data arrival time                                   0.32

  clock clk (rise edge)                    2.50       2.50
  clock network delay (propagated)         0.00       2.50
  clock uncertainty                       -0.10       2.40
  output external delay                   -0.20       2.20
  data required time                                  2.20
  -----------------------------------------------------------
  data required time                                  2.20
  data arrival time                                  -0.32
  -----------------------------------------------------------
  slack (MET)                                         1.88


  Startpoint: pc_current_reg_12_
              (rising edge-triggered flip-flop clocked by clk)
  Endpoint: pc_out[12] (output port clocked by clk)
  Path Group: clk
  Path Type: max

  Point                                    Incr       Path
  -----------------------------------------------------------
  clock clk (rise edge)                    0.00       0.00
  clock network delay (propagated)         0.18       0.18
  pc_current_reg_12_/CK (DFFR_X1)          0.00       0.18 r
  pc_current_reg_12_/Q (DFFR_X1)           0.13       0.31 r
  pc_out[12] (out)                         0.00 &     0.31 r
  data arrival time                                   0.31

  clock clk (rise edge)                    2.50       2.50
  clock network delay (propagated)         0.00       2.50
  clock uncertainty                       -0.10       2.40
  output external delay                   -0.20       2.20
  data required time                                  2.20
  -----------------------------------------------------------
  data required time                                  2.20
  data arrival time                                  -0.31
  -----------------------------------------------------------
  slack (MET)                                         1.89


  Startpoint: pc_current_reg_3_
              (rising edge-triggered flip-flop clocked by clk)
  Endpoint: pc_current_reg_12_
            (rising edge-triggered flip-flop clocked by clk)
  Path Group: clk
  Path Type: max

  Point                                    Incr       Path
  -----------------------------------------------------------
  clock clk (rise edge)                    0.00       0.00
  clock network delay (propagated)         0.12       0.12
  pc_current_reg_3_/CK (DFFR_X1)           0.00       0.12 r
  pc_current_reg_3_/Q (DFFR_X1)            0.11       0.24 r
  U297/ZN (AND2_X1)                        0.04 &     0.27 r
  U307/ZN (AND2_X1)                        0.04 &     0.31 r
  U298/ZN (AND2_X1)                        0.04 &     0.35 r
  U308/ZN (AND2_X1)                        0.04 &     0.38 r
  U299/ZN (AND2_X1)                        0.04 &     0.42 r
  U300/ZN (AND2_X1)                        0.04 &     0.46 r
  U301/ZN (AND2_X1)                        0.04 &     0.49 r
  U302/ZN (AND2_X1)                        0.04 &     0.53 r
  U303/ZN (AND2_X1)                        0.04 &     0.56 r
  U294/Z (XOR2_X1)                         0.06 &     0.62 r
  U192/ZN (AOI22_X1)                       0.03 &     0.65 f
  U190/ZN (NAND2_X1)                       0.01 &     0.66 r
  pc_current_reg_12_/D (DFFR_X1)           0.00 &     0.66 r
  data arrival time                                   0.66

  clock clk (rise edge)                    2.50       2.50
  clock network delay (propagated)         0.18       2.68
  clock uncertainty                       -0.10       2.58
  pc_current_reg_12_/CK (DFFR_X1)          0.00       2.58 r
  library setup time                      -0.03       2.55
  data required time                                  2.55
  -----------------------------------------------------------
  data required time                                  2.55
  data arrival time                                  -0.66
  -----------------------------------------------------------
  slack (MET)                                         1.89


  Startpoint: pc_current_reg_13_
              (rising edge-triggered flip-flop clocked by clk)
  Endpoint: pc_out[13] (output port clocked by clk)
  Path Group: clk
  Path Type: max

  Point                                    Incr       Path
  -----------------------------------------------------------
  clock clk (rise edge)                    0.00       0.00
  clock network delay (propagated)         0.18       0.18
  pc_current_reg_13_/CK (DFFR_X1)          0.00       0.18 r
  pc_current_reg_13_/Q (DFFR_X1)           0.13       0.31 r
  pc_out[13] (out)                         0.00 &     0.31 r
  data arrival time                                   0.31

  clock clk (rise edge)                    2.50       2.50
  clock network delay (propagated)         0.00       2.50
  clock uncertainty                       -0.10       2.40
  output external delay                   -0.20       2.20
  data required time                                  2.20
  -----------------------------------------------------------
  data required time                                  2.20
  data arrival time                                  -0.31
  -----------------------------------------------------------
  slack (MET)                                         1.89


  Startpoint: pc_current_reg_14_
              (rising edge-triggered flip-flop clocked by clk)
  Endpoint: pc_out[14] (output port clocked by clk)
  Path Group: clk
  Path Type: max

  Point                                    Incr       Path
  -----------------------------------------------------------
  clock clk (rise edge)                    0.00       0.00
  clock network delay (propagated)         0.18       0.18
  pc_current_reg_14_/CK (DFFR_X1)          0.00       0.18 r
  pc_current_reg_14_/Q (DFFR_X1)           0.13       0.30 r
  pc_out[14] (out)                         0.00 &     0.31 r
  data arrival time                                   0.31

  clock clk (rise edge)                    2.50       2.50
  clock network delay (propagated)         0.00       2.50
  clock uncertainty                       -0.10       2.40
  output external delay                   -0.20       2.20
  data required time                                  2.20
  -----------------------------------------------------------
  data required time                                  2.20
  data arrival time                                  -0.31
  -----------------------------------------------------------
  slack (MET)                                         1.89


  Startpoint: pc_current_reg_15_
              (rising edge-triggered flip-flop clocked by clk)
  Endpoint: pc_out[15] (output port clocked by clk)
  Path Group: clk
  Path Type: max

  Point                                    Incr       Path
  -----------------------------------------------------------
  clock clk (rise edge)                    0.00       0.00
  clock network delay (propagated)         0.18       0.18
  pc_current_reg_15_/CK (DFFR_X1)          0.00       0.18 r
  pc_current_reg_15_/Q (DFFR_X1)           0.11       0.29 r
  pc_out[15] (out)                         0.00 &     0.29 r
  data arrival time                                   0.29

  clock clk (rise edge)                    2.50       2.50
  clock network delay (propagated)         0.00       2.50
  clock uncertainty                       -0.10       2.40
  output external delay                   -0.20       2.20
  data required time                                  2.20
  -----------------------------------------------------------
  data required time                                  2.20
  data arrival time                                  -0.29
  -----------------------------------------------------------
  slack (MET)                                         1.91


  Startpoint: pc_current_reg_3_
              (rising edge-triggered flip-flop clocked by clk)
  Endpoint: pc_current_reg_11_
            (rising edge-triggered flip-flop clocked by clk)
  Path Group: clk
  Path Type: max

  Point                                    Incr       Path
  -----------------------------------------------------------
  clock clk (rise edge)                    0.00       0.00
  clock network delay (propagated)         0.12       0.12
  pc_current_reg_3_/CK (DFFR_X1)           0.00       0.12 r
  pc_current_reg_3_/Q (DFFR_X1)            0.11       0.24 r
  U297/ZN (AND2_X1)                        0.04 &     0.27 r
  U307/ZN (AND2_X1)                        0.04 &     0.31 r
  U298/ZN (AND2_X1)                        0.04 &     0.35 r
  U308/ZN (AND2_X1)                        0.04 &     0.38 r
  U299/ZN (AND2_X1)                        0.04 &     0.42 r
  U300/ZN (AND2_X1)                        0.04 &     0.46 r
  U301/ZN (AND2_X1)                        0.04 &     0.49 r
  U302/ZN (AND2_X1)                        0.04 &     0.53 r
  U293/Z (XOR2_X1)                         0.06 &     0.59 r
  U189/ZN (AOI22_X1)                       0.03 &     0.61 f
  U187/ZN (NAND2_X1)                       0.01 &     0.63 r
  pc_current_reg_11_/D (DFFR_X1)           0.00 &     0.63 r
  data arrival time                                   0.63

  clock clk (rise edge)                    2.50       2.50
  clock network delay (propagated)         0.18       2.68
  clock uncertainty                       -0.10       2.58
  pc_current_reg_11_/CK (DFFR_X1)          0.00       2.58 r
  library setup time                      -0.03       2.55
  data required time                                  2.55
  -----------------------------------------------------------
  data required time                                  2.55
  data arrival time                                  -0.63
  -----------------------------------------------------------
  slack (MET)                                         1.92


  Startpoint: reset (input port clocked by clk)
  Endpoint: reg_file/reg_array_reg_0__3_
            (rising edge-triggered flip-flop clocked by clk)
  Path Group: clk
  Path Type: max

  Point                                                   Incr       Path
  --------------------------------------------------------------------------
  clock clk (rise edge)                                   0.00       0.00
  clock network delay (propagated)                        0.00       0.00
  input external delay                                    0.20       0.20 f
  reset (in)                                              0.00       0.20 f
  control_unit/IN2 (control)                              0.00       0.20 f
  control_unit/U12/ZN (OAI211_X1)                         0.05 &     0.25 r
  control_unit/reg_write (control)                        0.00       0.25 r
  reg_file/reg_write_en (register_file)                   0.00       0.25 r
  reg_file/U64/ZN (INV_X1)                                0.02 &     0.27 f
  reg_file/U63/ZN (NOR2_X1)                               0.04 &     0.31 r
  reg_file/U54/ZN (NAND3_X1)                              0.19 &     0.49 f
  reg_file/U88/ZN (NAND2_X1)                              0.07 &     0.56 r
  reg_file/U87/ZN (OAI21_X1)                              0.03 &     0.59 f
  reg_file/reg_array_reg_0__3_/D (DFFR_X1)                0.00 &     0.59 f
  data arrival time                                                  0.59

  clock clk (rise edge)                                   2.50       2.50
  clock network delay (propagated)                        0.14       2.64
  clock uncertainty                                      -0.10       2.54
  reg_file/reg_array_reg_0__3_/CK (DFFR_X1)               0.00       2.54 r
  library setup time                                     -0.03       2.52
  data required time                                                 2.52
  --------------------------------------------------------------------------
  data required time                                                 2.52
  data arrival time                                                 -0.59
  --------------------------------------------------------------------------
  slack (MET)                                                        1.93


  Startpoint: reset (input port clocked by clk)
  Endpoint: reg_file/reg_array_reg_0__2_
            (rising edge-triggered flip-flop clocked by clk)
  Path Group: clk
  Path Type: max

  Point                                                   Incr       Path
  --------------------------------------------------------------------------
  clock clk (rise edge)                                   0.00       0.00
  clock network delay (propagated)                        0.00       0.00
  input external delay                                    0.20       0.20 f
  reset (in)                                              0.00       0.20 f
  control_unit/IN2 (control)                              0.00       0.20 f
  control_unit/U12/ZN (OAI211_X1)                         0.05 &     0.25 r
  control_unit/reg_write (control)                        0.00       0.25 r
  reg_file/reg_write_en (register_file)                   0.00       0.25 r
  reg_file/U64/ZN (INV_X1)                                0.02 &     0.27 f
  reg_file/U63/ZN (NOR2_X1)                               0.04 &     0.31 r
  reg_file/U54/ZN (NAND3_X1)                              0.19 &     0.49 f
  reg_file/U86/ZN (NAND2_X1)                              0.07 &     0.56 r
  reg_file/U85/ZN (OAI21_X1)                              0.03 &     0.59 f
  reg_file/reg_array_reg_0__2_/D (DFFR_X1)                0.00 &     0.59 f
  data arrival time                                                  0.59

  clock clk (rise edge)                                   2.50       2.50
  clock network delay (propagated)                        0.14       2.64
  clock uncertainty                                      -0.10       2.54
  reg_file/reg_array_reg_0__2_/CK (DFFR_X1)               0.00       2.54 r
  library setup time                                     -0.03       2.52
  data required time                                                 2.52
  --------------------------------------------------------------------------
  data required time                                                 2.52
  data arrival time                                                 -0.59
  --------------------------------------------------------------------------
  slack (MET)                                                        1.93


  Startpoint: reset (input port clocked by clk)
  Endpoint: reg_file/reg_array_reg_0__6_
            (rising edge-triggered flip-flop clocked by clk)
  Path Group: clk
  Path Type: max

  Point                                                   Incr       Path
  --------------------------------------------------------------------------
  clock clk (rise edge)                                   0.00       0.00
  clock network delay (propagated)                        0.00       0.00
  input external delay                                    0.20       0.20 f
  reset (in)                                              0.00       0.20 f
  control_unit/IN2 (control)                              0.00       0.20 f
  control_unit/U12/ZN (OAI211_X1)                         0.05 &     0.25 r
  control_unit/reg_write (control)                        0.00       0.25 r
  reg_file/reg_write_en (register_file)                   0.00       0.25 r
  reg_file/U64/ZN (INV_X1)                                0.02 &     0.27 f
  reg_file/U63/ZN (NOR2_X1)                               0.04 &     0.31 r
  reg_file/U54/ZN (NAND3_X1)                              0.19 &     0.49 f
  reg_file/U18/Z (MUX2_X1)                                0.11 &     0.60 f
  reg_file/reg_array_reg_0__6_/D (DFFR_X1)                0.00 &     0.60 f
  data arrival time                                                  0.60

  clock clk (rise edge)                                   2.50       2.50
  clock network delay (propagated)                        0.17       2.67
  clock uncertainty                                      -0.10       2.57
  reg_file/reg_array_reg_0__6_/CK (DFFR_X1)               0.00       2.57 r
  library setup time                                     -0.03       2.54
  data required time                                                 2.54
  --------------------------------------------------------------------------
  data required time                                                 2.54
  data arrival time                                                 -0.60
  --------------------------------------------------------------------------
  slack (MET)                                                        1.94


  Startpoint: pc_current_reg_1_
              (rising edge-triggered flip-flop clocked by clk)
  Endpoint: pc_out[1] (output port clocked by clk)
  Path Group: clk
  Path Type: max

  Point                                    Incr       Path
  -----------------------------------------------------------
  clock clk (rise edge)                    0.00       0.00
  clock network delay (propagated)         0.12       0.12
  pc_current_reg_1_/CK (DFFR_X1)           0.00       0.12 r
  pc_current_reg_1_/Q (DFFR_X1)            0.12       0.25 r
  pc_out[1] (out)                          0.00 &     0.25 r
  data arrival time                                   0.25

  clock clk (rise edge)                    2.50       2.50
  clock network delay (propagated)         0.00       2.50
  clock uncertainty                       -0.10       2.40
  output external delay                   -0.20       2.20
  data required time                                  2.20
  -----------------------------------------------------------
  data required time                                  2.20
  data arrival time                                  -0.25
  -----------------------------------------------------------
  slack (MET)                                         1.95


  Startpoint: reset (input port clocked by clk)
  Endpoint: reg_file/reg_array_reg_0__13_
            (rising edge-triggered flip-flop clocked by clk)
  Path Group: clk
  Path Type: max

  Point                                                   Incr       Path
  --------------------------------------------------------------------------
  clock clk (rise edge)                                   0.00       0.00
  clock network delay (propagated)                        0.00       0.00
  input external delay                                    0.20       0.20 f
  reset (in)                                              0.00       0.20 f
  control_unit/IN2 (control)                              0.00       0.20 f
  control_unit/U12/ZN (OAI211_X1)                         0.05 &     0.25 r
  control_unit/reg_write (control)                        0.00       0.25 r
  reg_file/reg_write_en (register_file)                   0.00       0.25 r
  reg_file/U64/ZN (INV_X1)                                0.02 &     0.27 f
  reg_file/U63/ZN (NOR2_X1)                               0.04 &     0.31 r
  reg_file/U54/ZN (NAND3_X1)                              0.19 &     0.49 f
  reg_file/U36/Z (MUX2_X1)                                0.10 &     0.60 f
  reg_file/reg_array_reg_0__13_/D (DFFR_X1)               0.00 &     0.60 f
  data arrival time                                                  0.60

  clock clk (rise edge)                                   2.50       2.50
  clock network delay (propagated)                        0.18       2.68
  clock uncertainty                                      -0.10       2.58
  reg_file/reg_array_reg_0__13_/CK (DFFR_X1)              0.00       2.58 r
  library setup time                                     -0.03       2.55
  data required time                                                 2.55
  --------------------------------------------------------------------------
  data required time                                                 2.55
  data arrival time                                                 -0.60
  --------------------------------------------------------------------------
  slack (MET)                                                        1.95


  Startpoint: pc_current_reg_0_
              (rising edge-triggered flip-flop clocked by clk)
  Endpoint: pc_out[0] (output port clocked by clk)
  Path Group: clk
  Path Type: max

  Point                                    Incr       Path
  -----------------------------------------------------------
  clock clk (rise edge)                    0.00       0.00
  clock network delay (propagated)         0.12       0.12
  pc_current_reg_0_/CK (DFFR_X1)           0.00       0.12 r
  pc_current_reg_0_/Q (DFFR_X1)            0.12       0.24 r
  pc_out[0] (out)                          0.00 &     0.25 r
  data arrival time                                   0.25

  clock clk (rise edge)                    2.50       2.50
  clock network delay (propagated)         0.00       2.50
  clock uncertainty                       -0.10       2.40
  output external delay                   -0.20       2.20
  data required time                                  2.20
  -----------------------------------------------------------
  data required time                                  2.20
  data arrival time                                  -0.25
  -----------------------------------------------------------
  slack (MET)                                         1.95


  Startpoint: pc_current_reg_8_
              (rising edge-triggered flip-flop clocked by clk)
  Endpoint: pc_out[8] (output port clocked by clk)
  Path Group: clk
  Path Type: max

  Point                                    Incr       Path
  -----------------------------------------------------------
  clock clk (rise edge)                    0.00       0.00
  clock network delay (propagated)         0.12       0.12
  pc_current_reg_8_/CK (DFFR_X1)           0.00       0.12 r
  pc_current_reg_8_/Q (DFFR_X1)            0.12       0.24 r
  pc_out[8] (out)                          0.00 &     0.24 r
  data arrival time                                   0.24

  clock clk (rise edge)                    2.50       2.50
  clock network delay (propagated)         0.00       2.50
  clock uncertainty                       -0.10       2.40
  output external delay                   -0.20       2.20
  data required time                                  2.20
  -----------------------------------------------------------
  data required time                                  2.20
  data arrival time                                  -0.24
  -----------------------------------------------------------
  slack (MET)                                         1.96


  Startpoint: reset (input port clocked by clk)
  Endpoint: reg_file/reg_array_reg_0__15_
            (rising edge-triggered flip-flop clocked by clk)
  Path Group: clk
  Path Type: max

  Point                                                   Incr       Path
  --------------------------------------------------------------------------
  clock clk (rise edge)                                   0.00       0.00
  clock network delay (propagated)                        0.00       0.00
  input external delay                                    0.20       0.20 f
  reset (in)                                              0.00       0.20 f
  control_unit/IN2 (control)                              0.00       0.20 f
  control_unit/U12/ZN (OAI211_X1)                         0.05 &     0.25 r
  control_unit/reg_write (control)                        0.00       0.25 r
  reg_file/reg_write_en (register_file)                   0.00       0.25 r
  reg_file/U64/ZN (INV_X1)                                0.02 &     0.27 f
  reg_file/U63/ZN (NOR2_X1)                               0.04 &     0.31 r
  reg_file/U54/ZN (NAND3_X1)                              0.19 &     0.49 f
  reg_file/U23/Z (MUX2_X1)                                0.11 &     0.60 f
  reg_file/reg_array_reg_0__15_/D (DFFR_X1)               0.00 &     0.60 f
  data arrival time                                                  0.60

  clock clk (rise edge)                                   2.50       2.50
  clock network delay (propagated)                        0.18       2.68
  clock uncertainty                                      -0.10       2.58
  reg_file/reg_array_reg_0__15_/CK (DFFR_X1)              0.00       2.58 r
  library setup time                                     -0.03       2.56
  data required time                                                 2.56
  --------------------------------------------------------------------------
  data required time                                                 2.56
  data arrival time                                                 -0.60
  --------------------------------------------------------------------------
  slack (MET)                                                        1.96


  Startpoint: pc_current_reg_3_
              (rising edge-triggered flip-flop clocked by clk)
  Endpoint: pc_current_reg_10_
            (rising edge-triggered flip-flop clocked by clk)
  Path Group: clk
  Path Type: max

  Point                                    Incr       Path
  -----------------------------------------------------------
  clock clk (rise edge)                    0.00       0.00
  clock network delay (propagated)         0.12       0.12
  pc_current_reg_3_/CK (DFFR_X1)           0.00       0.12 r
  pc_current_reg_3_/Q (DFFR_X1)            0.11       0.24 r
  U297/ZN (AND2_X1)                        0.04 &     0.27 r
  U307/ZN (AND2_X1)                        0.04 &     0.31 r
  U298/ZN (AND2_X1)                        0.04 &     0.35 r
  U308/ZN (AND2_X1)                        0.04 &     0.38 r
  U299/ZN (AND2_X1)                        0.04 &     0.42 r
  U300/ZN (AND2_X1)                        0.04 &     0.46 r
  U301/ZN (AND2_X1)                        0.04 &     0.49 r
  U292/Z (XOR2_X1)                         0.06 &     0.55 r
  U186/ZN (AOI22_X1)                       0.03 &     0.58 f
  U184/ZN (NAND2_X1)                       0.01 &     0.59 r
  pc_current_reg_10_/D (DFFR_X1)           0.00 &     0.59 r
  data arrival time                                   0.59

  clock clk (rise edge)                    2.50       2.50
  clock network delay (propagated)         0.18       2.68
  clock uncertainty                       -0.10       2.58
  pc_current_reg_10_/CK (DFFR_X1)          0.00       2.58 r
  library setup time                      -0.03       2.55
  data required time                                  2.55
  -----------------------------------------------------------
  data required time                                  2.55
  data arrival time                                  -0.59
  -----------------------------------------------------------
  slack (MET)                                         1.96


  Startpoint: reset (input port clocked by clk)
  Endpoint: reg_file/reg_array_reg_0__9_
            (rising edge-triggered flip-flop clocked by clk)
  Path Group: clk
  Path Type: max

  Point                                                   Incr       Path
  --------------------------------------------------------------------------
  clock clk (rise edge)                                   0.00       0.00
  clock network delay (propagated)                        0.00       0.00
  input external delay                                    0.20       0.20 f
  reset (in)                                              0.00       0.20 f
  control_unit/IN2 (control)                              0.00       0.20 f
  control_unit/U12/ZN (OAI211_X1)                         0.05 &     0.25 r
  control_unit/reg_write (control)                        0.00       0.25 r
  reg_file/reg_write_en (register_file)                   0.00       0.25 r
  reg_file/U64/ZN (INV_X1)                                0.02 &     0.27 f
  reg_file/U63/ZN (NOR2_X1)                               0.04 &     0.31 r
  reg_file/U54/ZN (NAND3_X1)                              0.19 &     0.49 f
  reg_file/U11/Z (MUX2_X1)                                0.11 &     0.60 f
  reg_file/reg_array_reg_0__9_/D (DFFR_X1)                0.00 &     0.60 f
  data arrival time                                                  0.60

  clock clk (rise edge)                                   2.50       2.50
  clock network delay (propagated)                        0.18       2.68
  clock uncertainty                                      -0.10       2.58
  reg_file/reg_array_reg_0__9_/CK (DFFR_X1)               0.00       2.58 r
  library setup time                                     -0.02       2.56
  data required time                                                 2.56
  --------------------------------------------------------------------------
  data required time                                                 2.56
  data arrival time                                                 -0.60
  --------------------------------------------------------------------------
  slack (MET)                                                        1.96


  Startpoint: pc_current_reg_7_
              (rising edge-triggered flip-flop clocked by clk)
  Endpoint: pc_out[7] (output port clocked by clk)
  Path Group: clk
  Path Type: max

  Point                                    Incr       Path
  -----------------------------------------------------------
  clock clk (rise edge)                    0.00       0.00
  clock network delay (propagated)         0.12       0.12
  pc_current_reg_7_/CK (DFFR_X1)           0.00       0.12 r
  pc_current_reg_7_/Q (DFFR_X1)            0.12       0.24 r
  pc_out[7] (out)                          0.00 &     0.24 r
  data arrival time                                   0.24

  clock clk (rise edge)                    2.50       2.50
  clock network delay (propagated)         0.00       2.50
  clock uncertainty                       -0.10       2.40
  output external delay                   -0.20       2.20
  data required time                                  2.20
  -----------------------------------------------------------
  data required time                                  2.20
  data arrival time                                  -0.24
  -----------------------------------------------------------
  slack (MET)                                         1.96


  Startpoint: reset (input port clocked by clk)
  Endpoint: reg_file/reg_array_reg_0__7_
            (rising edge-triggered flip-flop clocked by clk)
  Path Group: clk
  Path Type: max

  Point                                                   Incr       Path
  --------------------------------------------------------------------------
  clock clk (rise edge)                                   0.00       0.00
  clock network delay (propagated)                        0.00       0.00
  input external delay                                    0.20       0.20 f
  reset (in)                                              0.00       0.20 f
  control_unit/IN2 (control)                              0.00       0.20 f
  control_unit/U12/ZN (OAI211_X1)                         0.05 &     0.25 r
  control_unit/reg_write (control)                        0.00       0.25 r
  reg_file/reg_write_en (register_file)                   0.00       0.25 r
  reg_file/U64/ZN (INV_X1)                                0.02 &     0.27 f
  reg_file/U63/ZN (NOR2_X1)                               0.04 &     0.31 r
  reg_file/U54/ZN (NAND3_X1)                              0.19 &     0.49 f
  reg_file/U30/Z (MUX2_X1)                                0.11 &     0.60 f
  reg_file/reg_array_reg_0__7_/D (DFFR_X1)                0.00 &     0.60 f
  data arrival time                                                  0.60

  clock clk (rise edge)                                   2.50       2.50
  clock network delay (propagated)                        0.19       2.69
  clock uncertainty                                      -0.10       2.59
  reg_file/reg_array_reg_0__7_/CK (DFFR_X1)               0.00       2.59 r
  library setup time                                     -0.03       2.56
  data required time                                                 2.56
  --------------------------------------------------------------------------
  data required time                                                 2.56
  data arrival time                                                 -0.60
  --------------------------------------------------------------------------
  slack (MET)                                                        1.96


  Startpoint: reset (input port clocked by clk)
  Endpoint: reg_file/reg_array_reg_0__5_
            (rising edge-triggered flip-flop clocked by clk)
  Path Group: clk
  Path Type: max

  Point                                                   Incr       Path
  --------------------------------------------------------------------------
  clock clk (rise edge)                                   0.00       0.00
  clock network delay (propagated)                        0.00       0.00
  input external delay                                    0.20       0.20 f
  reset (in)                                              0.00       0.20 f
  control_unit/IN2 (control)                              0.00       0.20 f
  control_unit/U12/ZN (OAI211_X1)                         0.05 &     0.25 r
  control_unit/reg_write (control)                        0.00       0.25 r
  reg_file/reg_write_en (register_file)                   0.00       0.25 r
  reg_file/U64/ZN (INV_X1)                                0.02 &     0.27 f
  reg_file/U63/ZN (NOR2_X1)                               0.04 &     0.31 r
  reg_file/U54/ZN (NAND3_X1)                              0.19 &     0.49 f
  reg_file/U6/Z (MUX2_X1)                                 0.11 &     0.60 f
  reg_file/reg_array_reg_0__5_/D (DFFR_X1)                0.00 &     0.60 f
  data arrival time                                                  0.60

  clock clk (rise edge)                                   2.50       2.50
  clock network delay (propagated)                        0.19       2.69
  clock uncertainty                                      -0.10       2.59
  reg_file/reg_array_reg_0__5_/CK (DFFR_X1)               0.00       2.59 r
  library setup time                                     -0.03       2.56
  data required time                                                 2.56
  --------------------------------------------------------------------------
  data required time                                                 2.56
  data arrival time                                                 -0.60
  --------------------------------------------------------------------------
  slack (MET)                                                        1.96


  Startpoint: pc_current_reg_2_
              (rising edge-triggered flip-flop clocked by clk)
  Endpoint: pc_out[2] (output port clocked by clk)
  Path Group: clk
  Path Type: max

  Point                                    Incr       Path
  -----------------------------------------------------------
  clock clk (rise edge)                    0.00       0.00
  clock network delay (propagated)         0.12       0.12
  pc_current_reg_2_/CK (DFFR_X1)           0.00       0.12 r
  pc_current_reg_2_/Q (DFFR_X1)            0.11       0.24 r
  pc_out[2] (out)                          0.00 &     0.24 r
  data arrival time                                   0.24

  clock clk (rise edge)                    2.50       2.50
  clock network delay (propagated)         0.00       2.50
  clock uncertainty                       -0.10       2.40
  output external delay                   -0.20       2.20
  data required time                                  2.20
  -----------------------------------------------------------
  data required time                                  2.20
  data arrival time                                  -0.24
  -----------------------------------------------------------
  slack (MET)                                         1.96


  Startpoint: pc_current_reg_3_
              (rising edge-triggered flip-flop clocked by clk)
  Endpoint: pc_out[3] (output port clocked by clk)
  Path Group: clk
  Path Type: max

  Point                                    Incr       Path
  -----------------------------------------------------------
  clock clk (rise edge)                    0.00       0.00
  clock network delay (propagated)         0.12       0.12
  pc_current_reg_3_/CK (DFFR_X1)           0.00       0.12 r
  pc_current_reg_3_/Q (DFFR_X1)            0.11       0.24 r
  pc_out[3] (out)                          0.00 &     0.24 r
  data arrival time                                   0.24

  clock clk (rise edge)                    2.50       2.50
  clock network delay (propagated)         0.00       2.50
  clock uncertainty                       -0.10       2.40
  output external delay                   -0.20       2.20
  data required time                                  2.20
  -----------------------------------------------------------
  data required time                                  2.20
  data arrival time                                  -0.24
  -----------------------------------------------------------
  slack (MET)                                         1.96


  Startpoint: pc_current_reg_6_
              (rising edge-triggered flip-flop clocked by clk)
  Endpoint: pc_out[6] (output port clocked by clk)
  Path Group: clk
  Path Type: max

  Point                                    Incr       Path
  -----------------------------------------------------------
  clock clk (rise edge)                    0.00       0.00
  clock network delay (propagated)         0.12       0.12
  pc_current_reg_6_/CK (DFFR_X1)           0.00       0.12 r
  pc_current_reg_6_/Q (DFFR_X1)            0.11       0.23 r
  pc_out[6] (out)                          0.00 &     0.24 r
  data arrival time                                   0.24

  clock clk (rise edge)                    2.50       2.50
  clock network delay (propagated)         0.00       2.50
  clock uncertainty                       -0.10       2.40
  output external delay                   -0.20       2.20
  data required time                                  2.20
  -----------------------------------------------------------
  data required time                                  2.20
  data arrival time                                  -0.24
  -----------------------------------------------------------
  slack (MET)                                         1.96


  Startpoint: pc_current_reg_4_
              (rising edge-triggered flip-flop clocked by clk)
  Endpoint: pc_out[4] (output port clocked by clk)
  Path Group: clk
  Path Type: max

  Point                                    Incr       Path
  -----------------------------------------------------------
  clock clk (rise edge)                    0.00       0.00
  clock network delay (propagated)         0.12       0.12
  pc_current_reg_4_/CK (DFFR_X1)           0.00       0.12 r
  pc_current_reg_4_/Q (DFFR_X1)            0.11       0.23 r
  pc_out[4] (out)                          0.00 &     0.23 r
  data arrival time                                   0.23

  clock clk (rise edge)                    2.50       2.50
  clock network delay (propagated)         0.00       2.50
  clock uncertainty                       -0.10       2.40
  output external delay                   -0.20       2.20
  data required time                                  2.20
  -----------------------------------------------------------
  data required time                                  2.20
  data arrival time                                  -0.23
  -----------------------------------------------------------
  slack (MET)                                         1.97


  Startpoint: pc_current_reg_5_
              (rising edge-triggered flip-flop clocked by clk)
  Endpoint: pc_out[5] (output port clocked by clk)
  Path Group: clk
  Path Type: max

  Point                                    Incr       Path
  -----------------------------------------------------------
  clock clk (rise edge)                    0.00       0.00
  clock network delay (propagated)         0.12       0.12
  pc_current_reg_5_/CK (DFFR_X1)           0.00       0.12 r
  pc_current_reg_5_/Q (DFFR_X1)            0.11       0.23 r
  pc_out[5] (out)                          0.00 &     0.23 r
  data arrival time                                   0.23

  clock clk (rise edge)                    2.50       2.50
  clock network delay (propagated)         0.00       2.50
  clock uncertainty                       -0.10       2.40
  output external delay                   -0.20       2.20
  data required time                                  2.20
  -----------------------------------------------------------
  data required time                                  2.20
  data arrival time                                  -0.23
  -----------------------------------------------------------
  slack (MET)                                         1.97


  Startpoint: reset (input port clocked by clk)
  Endpoint: reg_file/reg_array_reg_0__11_
            (rising edge-triggered flip-flop clocked by clk)
  Path Group: clk
  Path Type: max

  Point                                                   Incr       Path
  --------------------------------------------------------------------------
  clock clk (rise edge)                                   0.00       0.00
  clock network delay (propagated)                        0.00       0.00
  input external delay                                    0.20       0.20 f
  reset (in)                                              0.00       0.20 f
  control_unit/IN2 (control)                              0.00       0.20 f
  control_unit/U12/ZN (OAI211_X1)                         0.05 &     0.25 r
  control_unit/reg_write (control)                        0.00       0.25 r
  reg_file/reg_write_en (register_file)                   0.00       0.25 r
  reg_file/U64/ZN (INV_X1)                                0.02 &     0.27 f
  reg_file/U63/ZN (NOR2_X1)                               0.04 &     0.31 r
  reg_file/U54/ZN (NAND3_X1)                              0.19 &     0.49 f
  reg_file/U94/ZN (NAND2_X1)                              0.07 &     0.56 r
  reg_file/U93/ZN (OAI21_X1)                              0.03 &     0.59 f
  reg_file/reg_array_reg_0__11_/D (DFFR_X1)               0.00 &     0.59 f
  data arrival time                                                  0.59

  clock clk (rise edge)                                   2.50       2.50
  clock network delay (propagated)                        0.19       2.69
  clock uncertainty                                      -0.10       2.59
  reg_file/reg_array_reg_0__11_/CK (DFFR_X1)              0.00       2.59 r
  library setup time                                     -0.03       2.56
  data required time                                                 2.56
  --------------------------------------------------------------------------
  data required time                                                 2.56
  data arrival time                                                 -0.59
  --------------------------------------------------------------------------
  slack (MET)                                                        1.97


  Startpoint: reset (input port clocked by clk)
  Endpoint: reg_file/reg_array_reg_0__0_
            (rising edge-triggered flip-flop clocked by clk)
  Path Group: clk
  Path Type: max

  Point                                                   Incr       Path
  --------------------------------------------------------------------------
  clock clk (rise edge)                                   0.00       0.00
  clock network delay (propagated)                        0.00       0.00
  input external delay                                    0.20       0.20 f
  reset (in)                                              0.00       0.20 f
  control_unit/IN2 (control)                              0.00       0.20 f
  control_unit/U12/ZN (OAI211_X1)                         0.05 &     0.25 r
  control_unit/reg_write (control)                        0.00       0.25 r
  reg_file/reg_write_en (register_file)                   0.00       0.25 r
  reg_file/U64/ZN (INV_X1)                                0.02 &     0.27 f
  reg_file/U63/ZN (NOR2_X1)                               0.04 &     0.31 r
  reg_file/U54/ZN (NAND3_X1)                              0.19 &     0.49 f
  reg_file/U82/ZN (NAND2_X1)                              0.07 &     0.56 r
  reg_file/U81/ZN (OAI21_X1)                              0.03 &     0.59 f
  reg_file/reg_array_reg_0__0_/D (DFFR_X1)                0.00 &     0.59 f
  data arrival time                                                  0.59

  clock clk (rise edge)                                   2.50       2.50
  clock network delay (propagated)                        0.18       2.68
  clock uncertainty                                      -0.10       2.58
  reg_file/reg_array_reg_0__0_/CK (DFFR_X1)               0.00       2.58 r
  library setup time                                     -0.02       2.56
  data required time                                                 2.56
  --------------------------------------------------------------------------
  data required time                                                 2.56
  data arrival time                                                 -0.59
  --------------------------------------------------------------------------
  slack (MET)                                                        1.97


  Startpoint: reset (input port clocked by clk)
  Endpoint: reg_file/reg_array_reg_0__8_
            (rising edge-triggered flip-flop clocked by clk)
  Path Group: clk
  Path Type: max

  Point                                                   Incr       Path
  --------------------------------------------------------------------------
  clock clk (rise edge)                                   0.00       0.00
  clock network delay (propagated)                        0.00       0.00
  input external delay                                    0.20       0.20 f
  reset (in)                                              0.00       0.20 f
  control_unit/IN2 (control)                              0.00       0.20 f
  control_unit/U12/ZN (OAI211_X1)                         0.05 &     0.25 r
  control_unit/reg_write (control)                        0.00       0.25 r
  reg_file/reg_write_en (register_file)                   0.00       0.25 r
  reg_file/U64/ZN (INV_X1)                                0.02 &     0.27 f
  reg_file/U63/ZN (NOR2_X1)                               0.04 &     0.31 r
  reg_file/U54/ZN (NAND3_X1)                              0.19 &     0.49 f
  reg_file/U90/ZN (NAND2_X1)                              0.07 &     0.56 r
  reg_file/U89/ZN (OAI21_X1)                              0.03 &     0.59 f
  reg_file/reg_array_reg_0__8_/D (DFFR_X1)                0.00 &     0.59 f
  data arrival time                                                  0.59

  clock clk (rise edge)                                   2.50       2.50
  clock network delay (propagated)                        0.19       2.69
  clock uncertainty                                      -0.10       2.59
  reg_file/reg_array_reg_0__8_/CK (DFFR_X1)               0.00       2.59 r
  library setup time                                     -0.02       2.57
  data required time                                                 2.57
  --------------------------------------------------------------------------
  data required time                                                 2.57
  data arrival time                                                 -0.59
  --------------------------------------------------------------------------
  slack (MET)                                                        1.97


  Startpoint: reset (input port clocked by clk)
  Endpoint: reg_file/reg_array_reg_0__4_
            (rising edge-triggered flip-flop clocked by clk)
  Path Group: clk
  Path Type: max

  Point                                                   Incr       Path
  --------------------------------------------------------------------------
  clock clk (rise edge)                                   0.00       0.00
  clock network delay (propagated)                        0.00       0.00
  input external delay                                    0.20       0.20 f
  reset (in)                                              0.00       0.20 f
  control_unit/IN2 (control)                              0.00       0.20 f
  control_unit/U12/ZN (OAI211_X1)                         0.05 &     0.25 r
  control_unit/reg_write (control)                        0.00       0.25 r
  reg_file/reg_write_en (register_file)                   0.00       0.25 r
  reg_file/U64/ZN (INV_X1)                                0.02 &     0.27 f
  reg_file/U63/ZN (NOR2_X1)                               0.04 &     0.31 r
  reg_file/U54/ZN (NAND3_X1)                              0.19 &     0.49 f
  reg_file/U80/ZN (NAND2_X1)                              0.07 &     0.56 r
  reg_file/U79/ZN (OAI21_X1)                              0.03 &     0.59 f
  reg_file/reg_array_reg_0__4_/D (DFFR_X1)                0.00 &     0.59 f
  data arrival time                                                  0.59

  clock clk (rise edge)                                   2.50       2.50
  clock network delay (propagated)                        0.19       2.69
  clock uncertainty                                      -0.10       2.59
  reg_file/reg_array_reg_0__4_/CK (DFFR_X1)               0.00       2.59 r
  library setup time                                     -0.02       2.57
  data required time                                                 2.57
  --------------------------------------------------------------------------
  data required time                                                 2.57
  data arrival time                                                 -0.59
  --------------------------------------------------------------------------
  slack (MET)                                                        1.98


  Startpoint: pc_current_reg_3_
              (rising edge-triggered flip-flop clocked by clk)
  Endpoint: pc_current_reg_8_
            (rising edge-triggered flip-flop clocked by clk)
  Path Group: clk
  Path Type: max

  Point                                    Incr       Path
  -----------------------------------------------------------
  clock clk (rise edge)                    0.00       0.00
  clock network delay (propagated)         0.12       0.12
  pc_current_reg_3_/CK (DFFR_X1)           0.00       0.12 r
  pc_current_reg_3_/Q (DFFR_X1)            0.11       0.24 r
  U297/ZN (AND2_X1)                        0.04 &     0.27 r
  U307/ZN (AND2_X1)                        0.04 &     0.31 r
  U298/ZN (AND2_X1)                        0.04 &     0.35 r
  U308/ZN (AND2_X1)                        0.04 &     0.38 r
  U299/ZN (AND2_X1)                        0.04 &     0.42 r
  U290/Z (XOR2_X1)                         0.06 &     0.47 r
  U216/ZN (AOI22_X1)                       0.02 &     0.50 f
  U214/ZN (NAND2_X1)                       0.01 &     0.51 r
  pc_current_reg_8_/D (DFFR_X1)            0.00 &     0.51 r
  data arrival time                                   0.51

  clock clk (rise edge)                    2.50       2.50
  clock network delay (propagated)         0.12       2.62
  clock uncertainty                       -0.10       2.52
  pc_current_reg_8_/CK (DFFR_X1)           0.00       2.52 r
  library setup time                      -0.03       2.50
  data required time                                  2.50
  -----------------------------------------------------------
  data required time                                  2.50
  data arrival time                                  -0.51
  -----------------------------------------------------------
  slack (MET)                                         1.99


  Startpoint: reset (input port clocked by clk)
  Endpoint: reg_file/reg_array_reg_0__12_
            (rising edge-triggered flip-flop clocked by clk)
  Path Group: clk
  Path Type: max

  Point                                                   Incr       Path
  --------------------------------------------------------------------------
  clock clk (rise edge)                                   0.00       0.00
  clock network delay (propagated)                        0.00       0.00
  input external delay                                    0.20       0.20 f
  reset (in)                                              0.00       0.20 f
  control_unit/IN2 (control)                              0.00       0.20 f
  control_unit/U12/ZN (OAI211_X1)                         0.05 &     0.25 r
  control_unit/reg_write (control)                        0.00       0.25 r
  reg_file/reg_write_en (register_file)                   0.00       0.25 r
  reg_file/U64/ZN (INV_X1)                                0.02 &     0.27 f
  reg_file/U63/ZN (NOR2_X1)                               0.04 &     0.31 r
  reg_file/U54/ZN (NAND3_X1)                              0.19 &     0.49 f
  reg_file/U2/Z (MUX2_X1)                                 0.10 &     0.60 f
  reg_file/reg_array_reg_0__12_/D (DFFR_X1)               0.00 &     0.60 f
  data arrival time                                                  0.60

  clock clk (rise edge)                                   2.50       2.50
  clock network delay (propagated)                        0.22       2.72
  clock uncertainty                                      -0.10       2.62
  reg_file/reg_array_reg_0__12_/CK (DFFR_X1)              0.00       2.62 r
  library setup time                                     -0.03       2.59
  data required time                                                 2.59
  --------------------------------------------------------------------------
  data required time                                                 2.59
  data arrival time                                                 -0.60
  --------------------------------------------------------------------------
  slack (MET)                                                        2.00


  Startpoint: pc_current_reg_3_
              (rising edge-triggered flip-flop clocked by clk)
  Endpoint: pc_current_reg_9_
            (rising edge-triggered flip-flop clocked by clk)
  Path Group: clk
  Path Type: max

  Point                                    Incr       Path
  -----------------------------------------------------------
  clock clk (rise edge)                    0.00       0.00
  clock network delay (propagated)         0.12       0.12
  pc_current_reg_3_/CK (DFFR_X1)           0.00       0.12 r
  pc_current_reg_3_/Q (DFFR_X1)            0.11       0.24 r
  U297/ZN (AND2_X1)                        0.04 &     0.27 r
  U307/ZN (AND2_X1)                        0.04 &     0.31 r
  U298/ZN (AND2_X1)                        0.04 &     0.35 r
  U308/ZN (AND2_X1)                        0.04 &     0.38 r
  U299/ZN (AND2_X1)                        0.04 &     0.42 r
  U300/ZN (AND2_X1)                        0.04 &     0.46 r
  U291/Z (XOR2_X1)                         0.06 &     0.51 r
  U219/ZN (AOI22_X1)                       0.02 &     0.54 f
  U217/ZN (NAND2_X1)                       0.01 &     0.55 r
  pc_current_reg_9_/D (DFFR_X1)            0.00 &     0.55 r
  data arrival time                                   0.55

  clock clk (rise edge)                    2.50       2.50
  clock network delay (propagated)         0.18       2.68
  clock uncertainty                       -0.10       2.58
  pc_current_reg_9_/CK (DFFR_X1)           0.00       2.58 r
  library setup time                      -0.03       2.55
  data required time                                  2.55
  -----------------------------------------------------------
  data required time                                  2.55
  data arrival time                                  -0.55
  -----------------------------------------------------------
  slack (MET)                                         2.00


  Startpoint: reset (input port clocked by clk)
  Endpoint: reg_file/reg_array_reg_0__14_
            (rising edge-triggered flip-flop clocked by clk)
  Path Group: clk
  Path Type: max

  Point                                                   Incr       Path
  --------------------------------------------------------------------------
  clock clk (rise edge)                                   0.00       0.00
  clock network delay (propagated)                        0.00       0.00
  input external delay                                    0.20       0.20 f
  reset (in)                                              0.00       0.20 f
  control_unit/IN2 (control)                              0.00       0.20 f
  control_unit/U12/ZN (OAI211_X1)                         0.05 &     0.25 r
  control_unit/reg_write (control)                        0.00       0.25 r
  reg_file/reg_write_en (register_file)                   0.00       0.25 r
  reg_file/U64/ZN (INV_X1)                                0.02 &     0.27 f
  reg_file/U63/ZN (NOR2_X1)                               0.04 &     0.31 r
  reg_file/U54/ZN (NAND3_X1)                              0.19 &     0.49 f
  reg_file/U96/ZN (NAND2_X1)                              0.06 &     0.56 r
  reg_file/U95/ZN (OAI21_X1)                              0.03 &     0.58 f
  reg_file/reg_array_reg_0__14_/D (DFFR_X1)               0.00 &     0.58 f
  data arrival time                                                  0.58

  clock clk (rise edge)                                   2.50       2.50
  clock network delay (propagated)                        0.22       2.72
  clock uncertainty                                      -0.10       2.62
  reg_file/reg_array_reg_0__14_/CK (DFFR_X1)              0.00       2.62 r
  library setup time                                     -0.02       2.60
  data required time                                                 2.60
  --------------------------------------------------------------------------
  data required time                                                 2.60
  data arrival time                                                 -0.58
  --------------------------------------------------------------------------
  slack (MET)                                                        2.01


  Startpoint: reset (input port clocked by clk)
  Endpoint: reg_file/reg_array_reg_0__10_
            (rising edge-triggered flip-flop clocked by clk)
  Path Group: clk
  Path Type: max

  Point                                                   Incr       Path
  --------------------------------------------------------------------------
  clock clk (rise edge)                                   0.00       0.00
  clock network delay (propagated)                        0.00       0.00
  input external delay                                    0.20       0.20 f
  reset (in)                                              0.00       0.20 f
  control_unit/IN2 (control)                              0.00       0.20 f
  control_unit/U12/ZN (OAI211_X1)                         0.05 &     0.25 r
  control_unit/reg_write (control)                        0.00       0.25 r
  reg_file/reg_write_en (register_file)                   0.00       0.25 r
  reg_file/U64/ZN (INV_X1)                                0.02 &     0.27 f
  reg_file/U63/ZN (NOR2_X1)                               0.04 &     0.31 r
  reg_file/U54/ZN (NAND3_X1)                              0.19 &     0.49 f
  reg_file/U92/ZN (NAND2_X1)                              0.06 &     0.56 r
  reg_file/U91/ZN (OAI21_X1)                              0.03 &     0.58 f
  reg_file/reg_array_reg_0__10_/D (DFFR_X1)               0.00 &     0.58 f
  data arrival time                                                  0.58

  clock clk (rise edge)                                   2.50       2.50
  clock network delay (propagated)                        0.22       2.72
  clock uncertainty                                      -0.10       2.62
  reg_file/reg_array_reg_0__10_/CK (DFFR_X1)              0.00       2.62 r
  library setup time                                     -0.02       2.60
  data required time                                                 2.60
  --------------------------------------------------------------------------
  data required time                                                 2.60
  data arrival time                                                 -0.58
  --------------------------------------------------------------------------
  slack (MET)                                                        2.01


  Startpoint: reset (input port clocked by clk)
  Endpoint: reg_file/reg_array_reg_0__1_
            (rising edge-triggered flip-flop clocked by clk)
  Path Group: clk
  Path Type: max

  Point                                                   Incr       Path
  --------------------------------------------------------------------------
  clock clk (rise edge)                                   0.00       0.00
  clock network delay (propagated)                        0.00       0.00
  input external delay                                    0.20       0.20 f
  reset (in)                                              0.00       0.20 f
  control_unit/IN2 (control)                              0.00       0.20 f
  control_unit/U12/ZN (OAI211_X1)                         0.05 &     0.25 r
  control_unit/reg_write (control)                        0.00       0.25 r
  reg_file/reg_write_en (register_file)                   0.00       0.25 r
  reg_file/U64/ZN (INV_X1)                                0.02 &     0.27 f
  reg_file/U63/ZN (NOR2_X1)                               0.04 &     0.31 r
  reg_file/U54/ZN (NAND3_X1)                              0.19 &     0.49 f
  reg_file/U84/ZN (NAND2_X1)                              0.06 &     0.56 r
  reg_file/U83/ZN (OAI21_X1)                              0.03 &     0.58 f
  reg_file/reg_array_reg_0__1_/D (DFFR_X1)                0.00 &     0.58 f
  data arrival time                                                  0.58

  clock clk (rise edge)                                   2.50       2.50
  clock network delay (propagated)                        0.22       2.72
  clock uncertainty                                      -0.10       2.62
  reg_file/reg_array_reg_0__1_/CK (DFFR_X1)               0.00       2.62 r
  library setup time                                     -0.02       2.60
  data required time                                                 2.60
  --------------------------------------------------------------------------
  data required time                                                 2.60
  data arrival time                                                 -0.58
  --------------------------------------------------------------------------
  slack (MET)                                                        2.01


  Startpoint: pc_current_reg_3_
              (rising edge-triggered flip-flop clocked by clk)
  Endpoint: pc_current_reg_7_
            (rising edge-triggered flip-flop clocked by clk)
  Path Group: clk
  Path Type: max

  Point                                    Incr       Path
  -----------------------------------------------------------
  clock clk (rise edge)                    0.00       0.00
  clock network delay (propagated)         0.12       0.12
  pc_current_reg_3_/CK (DFFR_X1)           0.00       0.12 r
  pc_current_reg_3_/Q (DFFR_X1)            0.11       0.24 r
  U297/ZN (AND2_X1)                        0.04 &     0.27 r
  U307/ZN (AND2_X1)                        0.04 &     0.31 r
  U298/ZN (AND2_X1)                        0.04 &     0.35 r
  U308/ZN (AND2_X1)                        0.04 &     0.38 r
  U289/Z (XOR2_X1)                         0.05 &     0.44 r
  U213/ZN (AOI22_X1)                       0.02 &     0.46 f
  U211/ZN (NAND2_X1)                       0.01 &     0.47 r
  pc_current_reg_7_/D (DFFR_X1)            0.00 &     0.47 r
  data arrival time                                   0.47

  clock clk (rise edge)                    2.50       2.50
  clock network delay (propagated)         0.12       2.62
  clock uncertainty                       -0.10       2.52
  pc_current_reg_7_/CK (DFFR_X1)           0.00       2.52 r
  library setup time                      -0.03       2.50
  data required time                                  2.50
  -----------------------------------------------------------
  data required time                                  2.50
  data arrival time                                  -0.47
  -----------------------------------------------------------
  slack (MET)                                         2.02


  Startpoint: pc_current_reg_3_
              (rising edge-triggered flip-flop clocked by clk)
  Endpoint: pc_current_reg_6_
            (rising edge-triggered flip-flop clocked by clk)
  Path Group: clk
  Path Type: max

  Point                                    Incr       Path
  -----------------------------------------------------------
  clock clk (rise edge)                    0.00       0.00
  clock network delay (propagated)         0.12       0.12
  pc_current_reg_3_/CK (DFFR_X1)           0.00       0.12 r
  pc_current_reg_3_/Q (DFFR_X1)            0.11       0.24 r
  U297/ZN (AND2_X1)                        0.04 &     0.27 r
  U307/ZN (AND2_X1)                        0.04 &     0.31 r
  U298/ZN (AND2_X1)                        0.04 &     0.35 r
  U288/Z (XOR2_X1)                         0.06 &     0.40 r
  U210/ZN (AOI22_X1)                       0.03 &     0.43 f
  U208/ZN (NAND2_X1)                       0.01 &     0.44 r
  pc_current_reg_6_/D (DFFR_X1)            0.00 &     0.44 r
  data arrival time                                   0.44

  clock clk (rise edge)                    2.50       2.50
  clock network delay (propagated)         0.12       2.62
  clock uncertainty                       -0.10       2.52
  pc_current_reg_6_/CK (DFFR_X1)           0.00       2.52 r
  library setup time                      -0.03       2.50
  data required time                                  2.50
  -----------------------------------------------------------
  data required time                                  2.50
  data arrival time                                  -0.44
  -----------------------------------------------------------
  slack (MET)                                         2.06


  Startpoint: pc_current_reg_3_
              (rising edge-triggered flip-flop clocked by clk)
  Endpoint: pc_current_reg_5_
            (rising edge-triggered flip-flop clocked by clk)
  Path Group: clk
  Path Type: max

  Point                                    Incr       Path
  -----------------------------------------------------------
  clock clk (rise edge)                    0.00       0.00
  clock network delay (propagated)         0.12       0.12
  pc_current_reg_3_/CK (DFFR_X1)           0.00       0.12 r
  pc_current_reg_3_/Q (DFFR_X1)            0.11       0.24 r
  U297/ZN (AND2_X1)                        0.04 &     0.27 r
  U307/ZN (AND2_X1)                        0.04 &     0.31 r
  U287/Z (XOR2_X1)                         0.06 &     0.37 r
  U207/ZN (AOI22_X1)                       0.03 &     0.39 f
  U205/ZN (NAND2_X1)                       0.01 &     0.41 r
  pc_current_reg_5_/D (DFFR_X1)            0.00 &     0.41 r
  data arrival time                                   0.41

  clock clk (rise edge)                    2.50       2.50
  clock network delay (propagated)         0.12       2.62
  clock uncertainty                       -0.10       2.52
  pc_current_reg_5_/CK (DFFR_X1)           0.00       2.52 r
  library setup time                      -0.03       2.50
  data required time                                  2.50
  -----------------------------------------------------------
  data required time                                  2.50
  data arrival time                                  -0.41
  -----------------------------------------------------------
  slack (MET)                                         2.09


  Startpoint: pc_current_reg_3_
              (rising edge-triggered flip-flop clocked by clk)
  Endpoint: pc_current_reg_4_
            (rising edge-triggered flip-flop clocked by clk)
  Path Group: clk
  Path Type: max

  Point                                    Incr       Path
  -----------------------------------------------------------
  clock clk (rise edge)                    0.00       0.00
  clock network delay (propagated)         0.12       0.12
  pc_current_reg_3_/CK (DFFR_X1)           0.00       0.12 r
  pc_current_reg_3_/Q (DFFR_X1)            0.11       0.24 r
  U297/ZN (AND2_X1)                        0.04 &     0.27 r
  U286/Z (XOR2_X1)                         0.05 &     0.33 r
  U204/ZN (AOI22_X1)                       0.02 &     0.35 f
  U202/ZN (NAND2_X1)                       0.01 &     0.36 r
  pc_current_reg_4_/D (DFFR_X1)            0.00 &     0.36 r
  data arrival time                                   0.36

  clock clk (rise edge)                    2.50       2.50
  clock network delay (propagated)         0.12       2.62
  clock uncertainty                       -0.10       2.52
  pc_current_reg_4_/CK (DFFR_X1)           0.00       2.52 r
  library setup time                      -0.03       2.50
  data required time                                  2.50
  -----------------------------------------------------------
  data required time                                  2.50
  data arrival time                                  -0.36
  -----------------------------------------------------------
  slack (MET)                                         2.13


  Startpoint: pc_current_reg_1_
              (rising edge-triggered flip-flop clocked by clk)
  Endpoint: pc_current_reg_2_
            (rising edge-triggered flip-flop clocked by clk)
  Path Group: clk
  Path Type: max

  Point                                    Incr       Path
  -----------------------------------------------------------
  clock clk (rise edge)                    0.00       0.00
  clock network delay (propagated)         0.12       0.12
  pc_current_reg_1_/CK (DFFR_X1)           0.00       0.12 r
  pc_current_reg_1_/Q (DFFR_X1)            0.12       0.25 r
  U309/Z (XOR2_X1)                         0.07 &     0.32 r
  U222/ZN (AOI22_X1)                       0.03 &     0.34 f
  U220/ZN (NAND2_X1)                       0.01 &     0.36 r
  pc_current_reg_2_/D (DFFR_X1)            0.00 &     0.36 r
  data arrival time                                   0.36

  clock clk (rise edge)                    2.50       2.50
  clock network delay (propagated)         0.12       2.62
  clock uncertainty                       -0.10       2.52
  pc_current_reg_2_/CK (DFFR_X1)           0.00       2.52 r
  library setup time                      -0.03       2.50
  data required time                                  2.50
  -----------------------------------------------------------
  data required time                                  2.50
  data arrival time                                  -0.36
  -----------------------------------------------------------
  slack (MET)                                         2.14


  Startpoint: pc_current_reg_3_
              (rising edge-triggered flip-flop clocked by clk)
  Endpoint: pc_current_reg_3_
            (rising edge-triggered flip-flop clocked by clk)
  Path Group: clk
  Path Type: max

  Point                                    Incr       Path
  -----------------------------------------------------------
  clock clk (rise edge)                    0.00       0.00
  clock network delay (propagated)         0.12       0.12
  pc_current_reg_3_/CK (DFFR_X1)           0.00       0.12 r
  pc_current_reg_3_/Q (DFFR_X1)            0.11       0.24 r
  U285/Z (XOR2_X1)                         0.06 &     0.29 r
  U201/ZN (AOI22_X1)                       0.02 &     0.32 f
  U199/ZN (NAND2_X1)                       0.01 &     0.33 r
  pc_current_reg_3_/D (DFFR_X1)            0.00 &     0.33 r
  data arrival time                                   0.33

  clock clk (rise edge)                    2.50       2.50
  clock network delay (propagated)         0.12       2.62
  clock uncertainty                       -0.10       2.52
  pc_current_reg_3_/CK (DFFR_X1)           0.00       2.52 r
  library setup time                      -0.03       2.50
  data required time                                  2.50
  -----------------------------------------------------------
  data required time                                  2.50
  data arrival time                                  -0.33
  -----------------------------------------------------------
  slack (MET)                                         2.16


  Startpoint: pc_current_reg_0_
              (rising edge-triggered flip-flop clocked by clk)
  Endpoint: pc_current_reg_0_
            (rising edge-triggered flip-flop clocked by clk)
  Path Group: clk
  Path Type: max

  Point                                    Incr       Path
  -----------------------------------------------------------
  clock clk (rise edge)                    0.00       0.00
  clock network delay (propagated)         0.12       0.12
  pc_current_reg_0_/CK (DFFR_X1)           0.00       0.12 r
  pc_current_reg_0_/Q (DFFR_X1)            0.12       0.24 r
  U310/ZN (AOI22_X1)                       0.02 &     0.27 f
  U172/ZN (OAI21_X1)                       0.02 &     0.28 r
  pc_current_reg_0_/D (DFFR_X1)            0.00 &     0.28 r
  data arrival time                                   0.28

  clock clk (rise edge)                    2.50       2.50
  clock network delay (propagated)         0.12       2.62
  clock uncertainty                       -0.10       2.52
  pc_current_reg_0_/CK (DFFR_X1)           0.00       2.52 r
  library setup time                      -0.03       2.50
  data required time                                  2.50
  -----------------------------------------------------------
  data required time                                  2.50
  data arrival time                                  -0.28
  -----------------------------------------------------------
  slack (MET)                                         2.21


  Startpoint: datamem/ram_reg_8__14_
              (rising edge-triggered flip-flop clocked by clk)
  Endpoint: datamem/ram_reg_8__14_
            (rising edge-triggered flip-flop clocked by clk)
  Path Group: clk
  Path Type: max

  Point                                    Incr       Path
  -----------------------------------------------------------
  clock clk (rise edge)                    0.00       0.00
  clock network delay (propagated)         0.15       0.15
  datamem/ram_reg_8__14_/CK (DFF_X1)       0.00       0.15 r
  datamem/ram_reg_8__14_/Q (DFF_X1)        0.09       0.25 r
  datamem/U870/ZN (AOI22_X1)               0.02 &     0.26 f
  datamem/U869/ZN (INV_X1)                 0.01 &     0.27 r
  datamem/U16880/Z (BUF_X1)                0.03 &     0.30 r
  datamem/ram_reg_8__14_/D (DFF_X1)        0.00 &     0.30 r
  data arrival time                                   0.30

  clock clk (rise edge)                    2.50       2.50
  clock network delay (propagated)         0.15       2.65
  clock uncertainty                       -0.10       2.55
  datamem/ram_reg_8__14_/CK (DFF_X1)       0.00       2.55 r
  library setup time                      -0.03       2.53
  data required time                                  2.53
  -----------------------------------------------------------
  data required time                                  2.53
  data arrival time                                  -0.30
  -----------------------------------------------------------
  slack (MET)                                         2.23


  Startpoint: reg_file/reg_array_reg_6__12_
              (rising edge-triggered flip-flop clocked by clk)
  Endpoint: reg_file/reg_array_reg_6__12_
            (rising edge-triggered flip-flop clocked by clk)
  Path Group: clk
  Path Type: max

  Point                                                   Incr       Path
  --------------------------------------------------------------------------
  clock clk (rise edge)                                   0.00       0.00
  clock network delay (propagated)                        0.22       0.22
  reg_file/reg_array_reg_6__12_/CK (DFFR_X1)              0.00       0.22 r
  reg_file/reg_array_reg_6__12_/Q (DFFR_X1)               0.10       0.32 r
  reg_file/U25/Z (MUX2_X1)                                0.04 &     0.36 r
  reg_file/reg_array_reg_6__12_/D (DFFR_X1)               0.00 &     0.36 r
  data arrival time                                                  0.36

  clock clk (rise edge)                                   2.50       2.50
  clock network delay (propagated)                        0.22       2.72
  clock uncertainty                                      -0.10       2.62
  reg_file/reg_array_reg_6__12_/CK (DFFR_X1)              0.00       2.62 r
  library setup time                                     -0.03       2.59
  data required time                                                 2.59
  --------------------------------------------------------------------------
  data required time                                                 2.59
  data arrival time                                                 -0.36
  --------------------------------------------------------------------------
  slack (MET)                                                        2.23


  Startpoint: datamem/ram_reg_7__2_
              (rising edge-triggered flip-flop clocked by clk)
  Endpoint: datamem/ram_reg_7__2_
            (rising edge-triggered flip-flop clocked by clk)
  Path Group: clk
  Path Type: max

  Point                                    Incr       Path
  -----------------------------------------------------------
  clock clk (rise edge)                    0.00       0.00
  clock network delay (propagated)         0.18       0.18
  datamem/ram_reg_7__2_/CK (DFF_X1)        0.00       0.18 r
  datamem/ram_reg_7__2_/Q (DFF_X1)         0.09       0.27 r
  datamem/U4910/ZN (AOI22_X1)              0.01 &     0.28 f
  datamem/U4909/ZN (INV_X1)                0.01 &     0.29 r
  datamem/U13129/Z (BUF_X1)                0.03 &     0.32 r
  datamem/ram_reg_7__2_/D (DFF_X1)         0.00 &     0.32 r
  data arrival time                                   0.32

  clock clk (rise edge)                    2.50       2.50
  clock network delay (propagated)         0.18       2.68
  clock uncertainty                       -0.10       2.58
  datamem/ram_reg_7__2_/CK (DFF_X1)        0.00       2.58 r
  library setup time                      -0.03       2.55
  data required time                                  2.55
  -----------------------------------------------------------
  data required time                                  2.55
  data arrival time                                  -0.32
  -----------------------------------------------------------
  slack (MET)                                         2.23


1
