 
****************************************
Report : timing
        -path full
        -delay max
        -max_paths 10
Design : mips_16
Version: G-2012.06-SP2
Date   : Sat Dec 22 11:36:50 2018
****************************************

 # A fanout number of 1000 was used for high fanout net computations.

Operating Conditions: worst_low   Library: NangateOpenCellLibrary_ss0p95vn40c
Wire Load Model Mode: top

  Startpoint: pc_current_reg[1]
              (rising edge-triggered flip-flop clocked by clk)
  Endpoint: pc_current_reg[15]
            (rising edge-triggered flip-flop clocked by clk)
  Path Group: clk
  Path Type: max

  Des/Clust/Port     Wire Load Model       Library
  ------------------------------------------------
  mips_16            5K_hvratio_1_1        NangateOpenCellLibrary_ss0p95vn40c

  Point                                    Incr       Path
  -----------------------------------------------------------
  clock clk (rise edge)                    0.00       0.00
  clock network delay (ideal)              0.00       0.00
  pc_current_reg[1]/CK (DFFR_X1)           0.00 #     0.00 r
  pc_current_reg[1]/QN (DFFR_X1)           0.06       0.06 f
  U171/ZN (NOR2_X1)                        0.04       0.11 r
  U297/ZN (AND2_X1)                        0.05       0.15 r
  U307/ZN (AND2_X1)                        0.04       0.20 r
  U298/ZN (AND2_X1)                        0.04       0.24 r
  U308/ZN (AND2_X1)                        0.04       0.29 r
  U299/ZN (AND2_X1)                        0.04       0.33 r
  U300/ZN (AND2_X1)                        0.04       0.38 r
  U301/ZN (AND2_X1)                        0.04       0.42 r
  U302/ZN (AND2_X1)                        0.04       0.46 r
  U303/ZN (AND2_X1)                        0.04       0.51 r
  U304/ZN (AND2_X1)                        0.04       0.55 r
  U305/ZN (AND2_X1)                        0.05       0.60 r
  U306/ZN (NAND2_X1)                       0.03       0.63 f
  U174/ZN (XNOR2_X1)                       0.06       0.69 f
  U181/ZN (OAI221_X1)                      0.06       0.75 r
  pc_current_reg[15]/D (DFFR_X1)           0.01       0.76 r
  data arrival time                                   0.76

  clock clk (rise edge)                    2.50       2.50
  clock network delay (ideal)              0.00       2.50
  clock uncertainty                       -0.10       2.40
  pc_current_reg[15]/CK (DFFR_X1)          0.00       2.40 r
  library setup time                      -0.04       2.36
  data required time                                  2.36
  -----------------------------------------------------------
  data required time                                  2.36
  data arrival time                                  -0.76
  -----------------------------------------------------------
  slack (MET)                                         1.61


  Startpoint: pc_current_reg[1]
              (rising edge-triggered flip-flop clocked by clk)
  Endpoint: pc_current_reg[14]
            (rising edge-triggered flip-flop clocked by clk)
  Path Group: clk
  Path Type: max

  Des/Clust/Port     Wire Load Model       Library
  ------------------------------------------------
  mips_16            5K_hvratio_1_1        NangateOpenCellLibrary_ss0p95vn40c

  Point                                    Incr       Path
  -----------------------------------------------------------
  clock clk (rise edge)                    0.00       0.00
  clock network delay (ideal)              0.00       0.00
  pc_current_reg[1]/CK (DFFR_X1)           0.00 #     0.00 r
  pc_current_reg[1]/QN (DFFR_X1)           0.06       0.06 f
  U171/ZN (NOR2_X1)                        0.04       0.11 r
  U297/ZN (AND2_X1)                        0.05       0.15 r
  U307/ZN (AND2_X1)                        0.04       0.20 r
  U298/ZN (AND2_X1)                        0.04       0.24 r
  U308/ZN (AND2_X1)                        0.04       0.29 r
  U299/ZN (AND2_X1)                        0.04       0.33 r
  U300/ZN (AND2_X1)                        0.04       0.38 r
  U301/ZN (AND2_X1)                        0.04       0.42 r
  U302/ZN (AND2_X1)                        0.04       0.46 r
  U303/ZN (AND2_X1)                        0.04       0.51 r
  U304/ZN (AND2_X1)                        0.04       0.55 r
  U305/ZN (AND2_X1)                        0.05       0.60 r
  U296/Z (XOR2_X1)                         0.08       0.67 r
  U198/ZN (AOI22_X1)                       0.04       0.71 f
  U196/ZN (NAND2_X1)                       0.02       0.74 r
  pc_current_reg[14]/D (DFFR_X1)           0.01       0.75 r
  data arrival time                                   0.75

  clock clk (rise edge)                    2.50       2.50
  clock network delay (ideal)              0.00       2.50
  clock uncertainty                       -0.10       2.40
  pc_current_reg[14]/CK (DFFR_X1)          0.00       2.40 r
  library setup time                      -0.03       2.37
  data required time                                  2.37
  -----------------------------------------------------------
  data required time                                  2.37
  data arrival time                                  -0.75
  -----------------------------------------------------------
  slack (MET)                                         1.62


  Startpoint: pc_current_reg[1]
              (rising edge-triggered flip-flop clocked by clk)
  Endpoint: pc_current_reg[13]
            (rising edge-triggered flip-flop clocked by clk)
  Path Group: clk
  Path Type: max

  Des/Clust/Port     Wire Load Model       Library
  ------------------------------------------------
  mips_16            5K_hvratio_1_1        NangateOpenCellLibrary_ss0p95vn40c

  Point                                    Incr       Path
  -----------------------------------------------------------
  clock clk (rise edge)                    0.00       0.00
  clock network delay (ideal)              0.00       0.00
  pc_current_reg[1]/CK (DFFR_X1)           0.00 #     0.00 r
  pc_current_reg[1]/QN (DFFR_X1)           0.06       0.06 f
  U171/ZN (NOR2_X1)                        0.04       0.11 r
  U297/ZN (AND2_X1)                        0.05       0.15 r
  U307/ZN (AND2_X1)                        0.04       0.20 r
  U298/ZN (AND2_X1)                        0.04       0.24 r
  U308/ZN (AND2_X1)                        0.04       0.29 r
  U299/ZN (AND2_X1)                        0.04       0.33 r
  U300/ZN (AND2_X1)                        0.04       0.38 r
  U301/ZN (AND2_X1)                        0.04       0.42 r
  U302/ZN (AND2_X1)                        0.04       0.46 r
  U303/ZN (AND2_X1)                        0.04       0.51 r
  U304/ZN (AND2_X1)                        0.04       0.55 r
  U295/Z (XOR2_X1)                         0.07       0.63 r
  U195/ZN (AOI22_X1)                       0.04       0.67 f
  U193/ZN (NAND2_X1)                       0.02       0.69 r
  pc_current_reg[13]/D (DFFR_X1)           0.01       0.70 r
  data arrival time                                   0.70

  clock clk (rise edge)                    2.50       2.50
  clock network delay (ideal)              0.00       2.50
  clock uncertainty                       -0.10       2.40
  pc_current_reg[13]/CK (DFFR_X1)          0.00       2.40 r
  library setup time                      -0.03       2.37
  data required time                                  2.37
  -----------------------------------------------------------
  data required time                                  2.37
  data arrival time                                  -0.70
  -----------------------------------------------------------
  slack (MET)                                         1.67


  Startpoint: reset (input port clocked by clk)
  Endpoint: reg_file/reg_array_reg[0][4]
            (rising edge-triggered flip-flop clocked by clk)
  Path Group: clk
  Path Type: max

  Des/Clust/Port     Wire Load Model       Library
  ------------------------------------------------
  mips_16            5K_hvratio_1_1        NangateOpenCellLibrary_ss0p95vn40c

  Point                                                   Incr       Path
  --------------------------------------------------------------------------
  clock clk (rise edge)                                   0.00       0.00
  clock network delay (ideal)                             0.00       0.00
  input external delay                                    0.20       0.20 f
  reset (in)                                              0.00       0.20 f
  control_unit/reset (control)                            0.00       0.20 f
  control_unit/U12/ZN (OAI211_X1)                         0.05       0.25 r
  control_unit/reg_write (control)                        0.00       0.25 r
  reg_file/reg_write_en (register_file)                   0.00       0.25 r
  reg_file/U64/ZN (INV_X1)                                0.03       0.27 f
  reg_file/U63/ZN (NOR2_X1)                               0.05       0.33 r
  reg_file/U54/ZN (NAND3_X1)                              0.16       0.48 f
  reg_file/U44/Z (BUF_X1)                                 0.11       0.59 f
  reg_file/U80/ZN (NAND2_X1)                              0.04       0.64 r
  reg_file/U79/ZN (OAI21_X1)                              0.03       0.67 f
  reg_file/reg_array_reg[0][4]/D (DFFR_X1)                0.01       0.68 f
  data arrival time                                                  0.68

  clock clk (rise edge)                                   2.50       2.50
  clock network delay (ideal)                             0.00       2.50
  clock uncertainty                                      -0.10       2.40
  reg_file/reg_array_reg[0][4]/CK (DFFR_X1)               0.00       2.40 r
  library setup time                                     -0.03       2.37
  data required time                                                 2.37
  --------------------------------------------------------------------------
  data required time                                                 2.37
  data arrival time                                                 -0.68
  --------------------------------------------------------------------------
  slack (MET)                                                        1.69


  Startpoint: reset (input port clocked by clk)
  Endpoint: reg_file/reg_array_reg[0][10]
            (rising edge-triggered flip-flop clocked by clk)
  Path Group: clk
  Path Type: max

  Des/Clust/Port     Wire Load Model       Library
  ------------------------------------------------
  mips_16            5K_hvratio_1_1        NangateOpenCellLibrary_ss0p95vn40c

  Point                                                   Incr       Path
  --------------------------------------------------------------------------
  clock clk (rise edge)                                   0.00       0.00
  clock network delay (ideal)                             0.00       0.00
  input external delay                                    0.20       0.20 f
  reset (in)                                              0.00       0.20 f
  control_unit/reset (control)                            0.00       0.20 f
  control_unit/U12/ZN (OAI211_X1)                         0.05       0.25 r
  control_unit/reg_write (control)                        0.00       0.25 r
  reg_file/reg_write_en (register_file)                   0.00       0.25 r
  reg_file/U64/ZN (INV_X1)                                0.03       0.27 f
  reg_file/U63/ZN (NOR2_X1)                               0.05       0.33 r
  reg_file/U54/ZN (NAND3_X1)                              0.16       0.48 f
  reg_file/U44/Z (BUF_X1)                                 0.11       0.59 f
  reg_file/U92/ZN (NAND2_X1)                              0.04       0.64 r
  reg_file/U91/ZN (OAI21_X1)                              0.03       0.67 f
  reg_file/reg_array_reg[0][10]/D (DFFR_X1)               0.01       0.68 f
  data arrival time                                                  0.68

  clock clk (rise edge)                                   2.50       2.50
  clock network delay (ideal)                             0.00       2.50
  clock uncertainty                                      -0.10       2.40
  reg_file/reg_array_reg[0][10]/CK (DFFR_X1)              0.00       2.40 r
  library setup time                                     -0.03       2.37
  data required time                                                 2.37
  --------------------------------------------------------------------------
  data required time                                                 2.37
  data arrival time                                                 -0.68
  --------------------------------------------------------------------------
  slack (MET)                                                        1.69


  Startpoint: pc_current_reg[1]
              (rising edge-triggered flip-flop clocked by clk)
  Endpoint: pc_current_reg[12]
            (rising edge-triggered flip-flop clocked by clk)
  Path Group: clk
  Path Type: max

  Des/Clust/Port     Wire Load Model       Library
  ------------------------------------------------
  mips_16            5K_hvratio_1_1        NangateOpenCellLibrary_ss0p95vn40c

  Point                                    Incr       Path
  -----------------------------------------------------------
  clock clk (rise edge)                    0.00       0.00
  clock network delay (ideal)              0.00       0.00
  pc_current_reg[1]/CK (DFFR_X1)           0.00 #     0.00 r
  pc_current_reg[1]/QN (DFFR_X1)           0.06       0.06 f
  U171/ZN (NOR2_X1)                        0.04       0.11 r
  U297/ZN (AND2_X1)                        0.05       0.15 r
  U307/ZN (AND2_X1)                        0.04       0.20 r
  U298/ZN (AND2_X1)                        0.04       0.24 r
  U308/ZN (AND2_X1)                        0.04       0.29 r
  U299/ZN (AND2_X1)                        0.04       0.33 r
  U300/ZN (AND2_X1)                        0.04       0.38 r
  U301/ZN (AND2_X1)                        0.04       0.42 r
  U302/ZN (AND2_X1)                        0.04       0.46 r
  U303/ZN (AND2_X1)                        0.04       0.51 r
  U294/Z (XOR2_X1)                         0.07       0.58 r
  U192/ZN (AOI22_X1)                       0.04       0.62 f
  U190/ZN (NAND2_X1)                       0.02       0.65 r
  pc_current_reg[12]/D (DFFR_X1)           0.01       0.66 r
  data arrival time                                   0.66

  clock clk (rise edge)                    2.50       2.50
  clock network delay (ideal)              0.00       2.50
  clock uncertainty                       -0.10       2.40
  pc_current_reg[12]/CK (DFFR_X1)          0.00       2.40 r
  library setup time                      -0.03       2.37
  data required time                                  2.37
  -----------------------------------------------------------
  data required time                                  2.37
  data arrival time                                  -0.66
  -----------------------------------------------------------
  slack (MET)                                         1.71


  Startpoint: pc_current_reg[1]
              (rising edge-triggered flip-flop clocked by clk)
  Endpoint: pc_current_reg[11]
            (rising edge-triggered flip-flop clocked by clk)
  Path Group: clk
  Path Type: max

  Des/Clust/Port     Wire Load Model       Library
  ------------------------------------------------
  mips_16            5K_hvratio_1_1        NangateOpenCellLibrary_ss0p95vn40c

  Point                                    Incr       Path
  -----------------------------------------------------------
  clock clk (rise edge)                    0.00       0.00
  clock network delay (ideal)              0.00       0.00
  pc_current_reg[1]/CK (DFFR_X1)           0.00 #     0.00 r
  pc_current_reg[1]/QN (DFFR_X1)           0.06       0.06 f
  U171/ZN (NOR2_X1)                        0.04       0.11 r
  U297/ZN (AND2_X1)                        0.05       0.15 r
  U307/ZN (AND2_X1)                        0.04       0.20 r
  U298/ZN (AND2_X1)                        0.04       0.24 r
  U308/ZN (AND2_X1)                        0.04       0.29 r
  U299/ZN (AND2_X1)                        0.04       0.33 r
  U300/ZN (AND2_X1)                        0.04       0.38 r
  U301/ZN (AND2_X1)                        0.04       0.42 r
  U302/ZN (AND2_X1)                        0.04       0.46 r
  U293/Z (XOR2_X1)                         0.07       0.54 r
  U189/ZN (AOI22_X1)                       0.04       0.58 f
  U187/ZN (NAND2_X1)                       0.02       0.60 r
  pc_current_reg[11]/D (DFFR_X1)           0.01       0.61 r
  data arrival time                                   0.61

  clock clk (rise edge)                    2.50       2.50
  clock network delay (ideal)              0.00       2.50
  clock uncertainty                       -0.10       2.40
  pc_current_reg[11]/CK (DFFR_X1)          0.00       2.40 r
  library setup time                      -0.03       2.37
  data required time                                  2.37
  -----------------------------------------------------------
  data required time                                  2.37
  data arrival time                                  -0.61
  -----------------------------------------------------------
  slack (MET)                                         1.76


  Startpoint: reset (input port clocked by clk)
  Endpoint: reg_file/reg_array_reg[0][5]
            (rising edge-triggered flip-flop clocked by clk)
  Path Group: clk
  Path Type: max

  Des/Clust/Port     Wire Load Model       Library
  ------------------------------------------------
  mips_16            5K_hvratio_1_1        NangateOpenCellLibrary_ss0p95vn40c

  Point                                                   Incr       Path
  --------------------------------------------------------------------------
  clock clk (rise edge)                                   0.00       0.00
  clock network delay (ideal)                             0.00       0.00
  input external delay                                    0.20       0.20 f
  reset (in)                                              0.00       0.20 f
  control_unit/reset (control)                            0.00       0.20 f
  control_unit/U12/ZN (OAI211_X1)                         0.05       0.25 r
  control_unit/reg_write (control)                        0.00       0.25 r
  reg_file/reg_write_en (register_file)                   0.00       0.25 r
  reg_file/U64/ZN (INV_X1)                                0.03       0.27 f
  reg_file/U63/ZN (NOR2_X1)                               0.05       0.33 r
  reg_file/U54/ZN (NAND3_X1)                              0.16       0.48 f
  reg_file/U6/Z (MUX2_X1)                                 0.12       0.60 f
  reg_file/reg_array_reg[0][5]/D (DFFR_X1)                0.01       0.61 f
  data arrival time                                                  0.61

  clock clk (rise edge)                                   2.50       2.50
  clock network delay (ideal)                             0.00       2.50
  clock uncertainty                                      -0.10       2.40
  reg_file/reg_array_reg[0][5]/CK (DFFR_X1)               0.00       2.40 r
  library setup time                                     -0.03       2.37
  data required time                                                 2.37
  --------------------------------------------------------------------------
  data required time                                                 2.37
  data arrival time                                                 -0.61
  --------------------------------------------------------------------------
  slack (MET)                                                        1.76


  Startpoint: reset (input port clocked by clk)
  Endpoint: reg_file/reg_array_reg[0][6]
            (rising edge-triggered flip-flop clocked by clk)
  Path Group: clk
  Path Type: max

  Des/Clust/Port     Wire Load Model       Library
  ------------------------------------------------
  mips_16            5K_hvratio_1_1        NangateOpenCellLibrary_ss0p95vn40c

  Point                                                   Incr       Path
  --------------------------------------------------------------------------
  clock clk (rise edge)                                   0.00       0.00
  clock network delay (ideal)                             0.00       0.00
  input external delay                                    0.20       0.20 f
  reset (in)                                              0.00       0.20 f
  control_unit/reset (control)                            0.00       0.20 f
  control_unit/U12/ZN (OAI211_X1)                         0.05       0.25 r
  control_unit/reg_write (control)                        0.00       0.25 r
  reg_file/reg_write_en (register_file)                   0.00       0.25 r
  reg_file/U64/ZN (INV_X1)                                0.03       0.27 f
  reg_file/U63/ZN (NOR2_X1)                               0.05       0.33 r
  reg_file/U54/ZN (NAND3_X1)                              0.16       0.48 f
  reg_file/U18/Z (MUX2_X1)                                0.12       0.60 f
  reg_file/reg_array_reg[0][6]/D (DFFR_X1)                0.01       0.61 f
  data arrival time                                                  0.61

  clock clk (rise edge)                                   2.50       2.50
  clock network delay (ideal)                             0.00       2.50
  clock uncertainty                                      -0.10       2.40
  reg_file/reg_array_reg[0][6]/CK (DFFR_X1)               0.00       2.40 r
  library setup time                                     -0.03       2.37
  data required time                                                 2.37
  --------------------------------------------------------------------------
  data required time                                                 2.37
  data arrival time                                                 -0.61
  --------------------------------------------------------------------------
  slack (MET)                                                        1.76


  Startpoint: reset (input port clocked by clk)
  Endpoint: reg_file/reg_array_reg[0][7]
            (rising edge-triggered flip-flop clocked by clk)
  Path Group: clk
  Path Type: max

  Des/Clust/Port     Wire Load Model       Library
  ------------------------------------------------
  mips_16            5K_hvratio_1_1        NangateOpenCellLibrary_ss0p95vn40c

  Point                                                   Incr       Path
  --------------------------------------------------------------------------
  clock clk (rise edge)                                   0.00       0.00
  clock network delay (ideal)                             0.00       0.00
  input external delay                                    0.20       0.20 f
  reset (in)                                              0.00       0.20 f
  control_unit/reset (control)                            0.00       0.20 f
  control_unit/U12/ZN (OAI211_X1)                         0.05       0.25 r
  control_unit/reg_write (control)                        0.00       0.25 r
  reg_file/reg_write_en (register_file)                   0.00       0.25 r
  reg_file/U64/ZN (INV_X1)                                0.03       0.27 f
  reg_file/U63/ZN (NOR2_X1)                               0.05       0.33 r
  reg_file/U54/ZN (NAND3_X1)                              0.16       0.48 f
  reg_file/U30/Z (MUX2_X1)                                0.12       0.60 f
  reg_file/reg_array_reg[0][7]/D (DFFR_X1)                0.01       0.61 f
  data arrival time                                                  0.61

  clock clk (rise edge)                                   2.50       2.50
  clock network delay (ideal)                             0.00       2.50
  clock uncertainty                                      -0.10       2.40
  reg_file/reg_array_reg[0][7]/CK (DFFR_X1)               0.00       2.40 r
  library setup time                                     -0.03       2.37
  data required time                                                 2.37
  --------------------------------------------------------------------------
  data required time                                                 2.37
  data arrival time                                                 -0.61
  --------------------------------------------------------------------------
  slack (MET)                                                        1.76


1
